2026-01-16 10:06:46,781 [INFO] Activator:176 - 


2026-01-16 10:06:46,786 [INFO] Activator:177 - !SESSION log4j initialized
2026-01-16 10:06:54,425 [INFO] LogOutputStream:77 - [STDOUT_REDIRECT] 
2026-01-16 10:06:56,148 [INFO] ApplicationProperties:184 - Using Application install path: C:\ST\STM32CubeIDE_1.19.0\STM32CubeIDE\plugins\com.st.stm32cube.common.mx_6.15.0.202507011659
2026-01-16 10:06:56,180 [INFO] DbMcusXml:78 - Set database path to: C:\ST\STM32CubeIDE_1.19.0\STM32CubeIDE\plugins\com.st.stm32cube.common.mx_6.15.0.202507011659\\db\/mcu/
2026-01-16 10:06:56,180 [INFO] ApiDb:274 - Set plugin database path to: C:\ST\STM32CubeIDE_1.19.0\STM32CubeIDE\plugins\com.st.stm32cube.common.mx_6.15.0.202507011659\\db\/plugins/boardmanager/
2026-01-16 10:06:56,181 [WARN] ApiDb:259 - Overriding images path with different value:  => C:\ST\STM32CubeIDE_1.19.0\STM32CubeIDE\plugins\com.st.stm32cube.common.mx_6.15.0.202507011659\\db\/plugins/mcufinder/images/
2026-01-16 10:06:56,198 [INFO] ApiDb:250 - Set database path to: C:\Users\knobloch\.stmcufinder\plugins\mcufinder//mcu/
2026-01-16 10:06:56,201 [INFO] DbMcusAds:125 - Set database path to: C:\Users\knobloch\.stmcufinder\plugins\mcufinder//mcu/
2026-01-16 10:06:56,205 [INFO] CrossReferenceDbSqlite:203 - Set database path to: C:\Users\knobloch\.stmcufinder\plugins\mcufinder//mcu/cs/
2026-01-16 10:06:56,354 [INFO] RulesReader:64 - Compatibility file has been processed (317 Rules)
2026-01-16 10:06:56,465 [INFO] DbMcusXml:78 - Set database path to: C:\ST\STM32CubeIDE_1.19.0\STM32CubeIDE\plugins\com.st.stm32cube.common.mx_6.15.0.202507011659\\db\/mcu/
2026-01-16 10:06:56,466 [INFO] ApiDb:274 - Set plugin database path to: C:\ST\STM32CubeIDE_1.19.0\STM32CubeIDE\plugins\com.st.stm32cube.common.mx_6.15.0.202507011659\\db\/plugins/boardmanager/
2026-01-16 10:06:56,466 [INFO] ApiDb:261 - Set plugin images path to: C:\ST\STM32CubeIDE_1.19.0\STM32CubeIDE\plugins\com.st.stm32cube.common.mx_6.15.0.202507011659\\db\/plugins/mcufinder/images/
2026-01-16 10:06:56,466 [WARN] DbFile:41 - Overriding database path with different value: C:\Users\knobloch\.stmcufinder\plugins\mcufinder/ => C:\Users\knobloch\.stmcufinder\plugins\mcufinder
2026-01-16 10:06:56,467 [INFO] ApiDb:250 - Set database path to: C:\Users\knobloch\.stmcufinder\plugins\mcufinder//mcu/
2026-01-16 10:06:56,467 [WARN] DbFile:41 - Overriding database path with different value: C:\Users\knobloch\.stmcufinder\plugins\mcufinder/ => C:\Users\knobloch\.stmcufinder\plugins\mcufinder
2026-01-16 10:06:56,467 [INFO] DbMcusAds:125 - Set database path to: C:\Users\knobloch\.stmcufinder\plugins\mcufinder//mcu/
2026-01-16 10:06:56,467 [WARN] DbFile:41 - Overriding database path with different value: C:\Users\knobloch\.stmcufinder\plugins\mcufinder/ => C:\Users\knobloch\.stmcufinder\plugins\mcufinder
2026-01-16 10:06:56,467 [WARN] DbFile:41 - Overriding database path with different value: C:\Users\knobloch\.stmcufinder\plugins\mcufinder/ => C:\Users\knobloch\.stmcufinder\plugins\mcufinder
2026-01-16 10:06:56,467 [INFO] CrossReferenceDbSqlite:203 - Set database path to: C:\Users\knobloch\.stmcufinder\plugins\mcufinder//mcu/cs/
2026-01-16 10:06:56,566 [INFO] MainPanel:274 - HeapMemory: 268435456
2026-01-16 10:06:56,726 [INFO] DbMcusXml:78 - Set database path to: C:\ST\STM32CubeIDE_1.19.0\STM32CubeIDE\plugins\com.st.stm32cube.common.mx_6.15.0.202507011659\\db\/mcu/
2026-01-16 10:06:56,726 [INFO] ApiDb:274 - Set plugin database path to: C:\ST\STM32CubeIDE_1.19.0\STM32CubeIDE\plugins\com.st.stm32cube.common.mx_6.15.0.202507011659\\db\/plugins/boardmanager/
2026-01-16 10:06:56,726 [INFO] ApiDb:261 - Set plugin images path to: C:\ST\STM32CubeIDE_1.19.0\STM32CubeIDE\plugins\com.st.stm32cube.common.mx_6.15.0.202507011659\\db\/plugins/mcufinder/images/
2026-01-16 10:06:56,726 [WARN] DbFile:41 - Overriding database path with different value: C:\Users\knobloch\.stmcufinder\plugins\mcufinder/ => C:\Users\knobloch\.stmcufinder\plugins\mcufinder
2026-01-16 10:06:56,727 [INFO] ApiDb:250 - Set database path to: C:\Users\knobloch\.stmcufinder\plugins\mcufinder//mcu/
2026-01-16 10:06:56,727 [WARN] DbFile:41 - Overriding database path with different value: C:\Users\knobloch\.stmcufinder\plugins\mcufinder/ => C:\Users\knobloch\.stmcufinder\plugins\mcufinder
2026-01-16 10:06:56,727 [INFO] DbMcusAds:125 - Set database path to: C:\Users\knobloch\.stmcufinder\plugins\mcufinder//mcu/
2026-01-16 10:06:56,727 [WARN] DbFile:41 - Overriding database path with different value: C:\Users\knobloch\.stmcufinder\plugins\mcufinder/ => C:\Users\knobloch\.stmcufinder\plugins\mcufinder
2026-01-16 10:06:56,728 [WARN] DbFile:41 - Overriding database path with different value: C:\Users\knobloch\.stmcufinder\plugins\mcufinder/ => C:\Users\knobloch\.stmcufinder\plugins\mcufinder
2026-01-16 10:06:56,728 [INFO] CrossReferenceDbSqlite:203 - Set database path to: C:\Users\knobloch\.stmcufinder\plugins\mcufinder//mcu/cs/
2026-01-16 10:06:56,751 [INFO] ApplicationProperties:184 - Using Application install path: C:\ST\STM32CubeIDE_1.19.0\STM32CubeIDE\plugins\com.st.stm32cube.common.mx_6.15.0.202507011659
2026-01-16 10:06:56,753 [INFO] PluginManage:196 - Search for loadable plugins [exclusion list=, ]
2026-01-16 10:06:56,755 [INFO] PluginManage:310 - Check plugin analytics
2026-01-16 10:06:57,026 [INFO] AnalyticsPlugin:253 - Accepted Software Licenses: STM32CubeMX.6.10.0,STM32CubeMX.6.11.1,STM32CubeMX.6.12.1,STM32CubeMX.6.14.0,STM32CubeMX.6.15.0,STM32CubeMX.6.16.0
2026-01-16 10:06:57,026 [INFO] AnalyticsPlugin:255 - Accepted CMSIS Pack Licenses: 
2026-01-16 10:06:57,027 [INFO] AnalyticsPlugin:257 - Accepted Firmware Licenses: FW.H7.1.12.0
2026-01-16 10:06:57,030 [INFO] PluginManage:359 - Loaded plugin analytics (category:tool,tabindex:-1)
2026-01-16 10:06:57,030 [INFO] PluginManage:310 - Check plugin cadmodel
2026-01-16 10:06:57,038 [INFO] CADModel:105 - Init CAD model plugin
2026-01-16 10:06:57,039 [INFO] PluginManage:359 - Loaded plugin cadmodel (category:power,tabindex:5)
2026-01-16 10:06:57,039 [INFO] PluginManage:310 - Check plugin clock
2026-01-16 10:06:57,054 [INFO] PluginManage:359 - Loaded plugin clock (category:base,tabindex:2)
2026-01-16 10:06:57,054 [INFO] PluginManage:310 - Check plugin ddr
2026-01-16 10:06:57,057 [INFO] PluginManage:359 - Loaded plugin ddr (category:tool,tabindex:6)
2026-01-16 10:06:57,058 [INFO] PluginManage:310 - Check plugin filemanager
2026-01-16 10:06:57,264 [INFO] PluginManage:359 - Loaded plugin filemanager (category:base,tabindex:10)
2026-01-16 10:06:57,265 [INFO] PluginManage:310 - Check plugin ipmanager
2026-01-16 10:06:57,275 [INFO] PluginManage:359 - Loaded plugin ipmanager (category:base,tabindex:5)
2026-01-16 10:06:57,275 [INFO] PluginManage:310 - Check plugin lpbam
2026-01-16 10:06:57,286 [INFO] PluginManage:359 - Loaded plugin lpbam (category:base,tabindex:0)
2026-01-16 10:06:57,286 [INFO] PluginManage:310 - Check plugin memorymap
2026-01-16 10:06:57,318 [INFO] PluginManage:359 - Loaded plugin memorymap (category:base,tabindex:4)
2026-01-16 10:06:57,318 [INFO] PluginManage:310 - Check plugin pinoutandconfiguration
2026-01-16 10:06:57,332 [INFO] PluginManage:359 - Loaded plugin pinoutandconfiguration (category:base,tabindex:1)
2026-01-16 10:06:57,332 [INFO] PluginManage:310 - Check plugin pinoutconfig
2026-01-16 10:06:57,442 [WARN] SupportedApi:132 - Cannot load RTOS API schema: s4s-elt-must-match.1: The content of 'definitions' must match (annotation?, (simpleType | complexType)?, (unique | key | keyref)*)). A problem was found starting at: attribute.
2026-01-16 10:06:57,595 [INFO] PluginManage:359 - Loaded plugin pinoutconfig (category:base,tabindex:0)
2026-01-16 10:06:57,595 [INFO] PluginManage:310 - Check plugin power
2026-01-16 10:06:57,610 [INFO] PluginManage:359 - Loaded plugin power (category:power,tabindex:4)
2026-01-16 10:06:57,610 [INFO] PluginManage:310 - Check plugin projectmanager
2026-01-16 10:06:57,627 [INFO] PluginManage:359 - Loaded plugin projectmanager (category:projectmanager,tabindex:4)
2026-01-16 10:06:57,627 [INFO] PluginManage:310 - Check plugin rif
2026-01-16 10:06:57,643 [INFO] PluginManage:359 - Loaded plugin rif (category:base,tabindex:3)
2026-01-16 10:06:57,644 [INFO] PluginManage:310 - Check plugin thirdparty
2026-01-16 10:06:57,829 [INFO] PluginManage:359 - Loaded plugin thirdparty (category:base,tabindex:-1)
2026-01-16 10:06:57,830 [INFO] PluginManage:310 - Check plugin tools
2026-01-16 10:06:57,830 [WARN] IntegrityCheckThread:84 - waiting for thirdparty lock release [integrity check]
2026-01-16 10:06:57,830 [INFO] IntegrityCheckThread:86 - entering critical section [integrity check]
2026-01-16 10:06:57,830 [INFO] ThirdPartyUpdaterWithRetryManager:70 - Updater plugin not ready yet. [1/15]
2026-01-16 10:06:57,833 [INFO] PluginManage:359 - Loaded plugin tools (category:base,tabindex:7)
2026-01-16 10:06:57,833 [INFO] PluginManage:310 - Check plugin tutovideos
2026-01-16 10:06:58,093 [INFO] PluginManage:359 - Loaded plugin tutovideos (category:base,tabindex:-1)
2026-01-16 10:06:58,093 [INFO] PluginManage:310 - Check plugin updater
2026-01-16 10:06:58,125 [INFO] PluginManage:359 - Loaded plugin updater (category:base,tabindex:12)
2026-01-16 10:06:58,126 [INFO] PluginManage:310 - Check plugin userauth
2026-01-16 10:06:58,132 [INFO] UserAuth:118 - Init User Auth plugin
2026-01-16 10:06:58,132 [INFO] PluginManage:359 - Loaded plugin userauth (category:base,tabindex:14)
2026-01-16 10:06:58,133 [INFO] PluginManage:283 - PluginManage : Loaded plugins [18]
2026-01-16 10:06:58,438 [INFO] PinOutPanel:1589 - setPackage(No Configuration,No Configuration)
2026-01-16 10:06:58,529 [INFO] CADModel:165 - CPN selected for project level
2026-01-16 10:06:58,529 [INFO] CADModel:114 - Register for checkConnection events
2026-01-16 10:06:58,550 [INFO] IPUIPlugin:80 - create IPUIPlugin
2026-01-16 10:06:58,550 [INFO] PluginManager:220 - loadIPPluginJar : add adc
2026-01-16 10:06:58,553 [INFO] IPUIPlugin:80 - create IPUIPlugin
2026-01-16 10:06:58,554 [INFO] PluginManager:220 - loadIPPluginJar : add aes
2026-01-16 10:06:58,556 [INFO] IPUIPlugin:80 - create IPUIPlugin
2026-01-16 10:06:58,557 [INFO] PluginManager:220 - loadIPPluginJar : add can
2026-01-16 10:06:58,558 [INFO] IPUIPlugin:80 - create IPUIPlugin
2026-01-16 10:06:58,559 [INFO] PluginManager:220 - loadIPPluginJar : add comp
2026-01-16 10:06:58,561 [INFO] IPUIPlugin:80 - create IPUIPlugin
2026-01-16 10:06:58,562 [INFO] PluginManager:220 - loadIPPluginJar : add cryp
2026-01-16 10:06:58,566 [INFO] IPUIPlugin:80 - create IPUIPlugin
2026-01-16 10:06:58,566 [INFO] PluginManager:220 - loadIPPluginJar : add ddr_ctrl_phy
2026-01-16 10:06:58,569 [INFO] IPUIPlugin:80 - create IPUIPlugin
2026-01-16 10:06:58,569 [INFO] PluginManager:220 - loadIPPluginJar : add dfsdm
2026-01-16 10:06:58,576 [INFO] IPUIPlugin:80 - create IPUIPlugin
2026-01-16 10:06:58,577 [INFO] PluginManager:220 - loadIPPluginJar : add dma
2026-01-16 10:06:58,581 [INFO] IPUIPlugin:80 - create IPUIPlugin
2026-01-16 10:06:58,581 [INFO] PluginManager:220 - loadIPPluginJar : add dma3
2026-01-16 10:06:58,585 [INFO] IPUIPlugin:80 - create IPUIPlugin
2026-01-16 10:06:58,585 [INFO] PluginManager:220 - loadIPPluginJar : add extmemmanager
2026-01-16 10:06:58,587 [INFO] IPUIPlugin:80 - create IPUIPlugin
2026-01-16 10:06:58,588 [INFO] PluginManager:220 - loadIPPluginJar : add fatfs
2026-01-16 10:06:58,593 [INFO] IPUIPlugin:80 - create IPUIPlugin
2026-01-16 10:06:58,594 [INFO] PluginManager:220 - loadIPPluginJar : add fmc
2026-01-16 10:06:58,601 [INFO] IPUIPlugin:80 - create IPUIPlugin
2026-01-16 10:06:58,602 [INFO] PluginManager:220 - loadIPPluginJar : add freertos
2026-01-16 10:06:58,605 [INFO] IPUIPlugin:80 - create IPUIPlugin
2026-01-16 10:06:58,605 [INFO] PluginManager:220 - loadIPPluginJar : add genericplugin
2026-01-16 10:06:58,608 [INFO] IPUIPlugin:80 - create IPUIPlugin
2026-01-16 10:06:58,608 [INFO] PluginManager:220 - loadIPPluginJar : add gfxmmu
2026-01-16 10:06:58,613 [INFO] IPUIPlugin:80 - create IPUIPlugin
2026-01-16 10:06:58,613 [INFO] PluginManager:220 - loadIPPluginJar : add gic
2026-01-16 10:06:58,618 [INFO] IPUIPlugin:80 - create IPUIPlugin
2026-01-16 10:06:58,618 [INFO] PluginManager:220 - loadIPPluginJar : add gpio
2026-01-16 10:06:58,622 [INFO] IPUIPlugin:80 - create IPUIPlugin
2026-01-16 10:06:58,622 [INFO] PluginManager:220 - loadIPPluginJar : add gtzc
2026-01-16 10:06:58,625 [INFO] IPUIPlugin:80 - create IPUIPlugin
2026-01-16 10:06:58,625 [INFO] PluginManager:220 - loadIPPluginJar : add hash
2026-01-16 10:06:58,629 [INFO] IPUIPlugin:80 - create IPUIPlugin
2026-01-16 10:06:58,629 [INFO] PluginManager:220 - loadIPPluginJar : add i2c
2026-01-16 10:06:58,632 [INFO] IPUIPlugin:80 - create IPUIPlugin
2026-01-16 10:06:58,633 [INFO] PluginManager:220 - loadIPPluginJar : add i2s
2026-01-16 10:06:58,637 [INFO] IPUIPlugin:80 - create IPUIPlugin
2026-01-16 10:06:58,637 [INFO] PluginManager:220 - loadIPPluginJar : add i3c
2026-01-16 10:06:58,642 [INFO] IPUIPlugin:80 - create IPUIPlugin
2026-01-16 10:06:58,642 [INFO] PluginManager:220 - loadIPPluginJar : add ipddr
2026-01-16 10:06:58,652 [INFO] IPUIPlugin:80 - create IPUIPlugin
2026-01-16 10:06:58,653 [INFO] PluginManager:220 - loadIPPluginJar : add linkedlist
2026-01-16 10:06:58,657 [INFO] IPUIPlugin:80 - create IPUIPlugin
2026-01-16 10:06:58,657 [INFO] PluginManager:220 - loadIPPluginJar : add lorawan
2026-01-16 10:06:58,659 [INFO] IPUIPlugin:80 - create IPUIPlugin
2026-01-16 10:06:58,659 [INFO] PluginManager:220 - loadIPPluginJar : add ltdc
2026-01-16 10:06:58,665 [INFO] IPUIPlugin:80 - create IPUIPlugin
2026-01-16 10:06:58,665 [INFO] PluginManager:220 - loadIPPluginJar : add mdma
2026-01-16 10:06:58,670 [INFO] IPUIPlugin:80 - create IPUIPlugin
2026-01-16 10:06:58,670 [INFO] PluginManager:220 - loadIPPluginJar : add nvic
2026-01-16 10:06:58,673 [INFO] IPUIPlugin:80 - create IPUIPlugin
2026-01-16 10:06:58,673 [INFO] PluginManager:220 - loadIPPluginJar : add opamp
2026-01-16 10:06:58,677 [INFO] IPUIPlugin:80 - create IPUIPlugin
2026-01-16 10:06:58,677 [INFO] PluginManager:220 - loadIPPluginJar : add openamp
2026-01-16 10:06:58,681 [INFO] IPUIPlugin:80 - create IPUIPlugin
2026-01-16 10:06:58,681 [INFO] PluginManager:220 - loadIPPluginJar : add pdm2pcm
2026-01-16 10:06:58,688 [INFO] IPUIPlugin:80 - create IPUIPlugin
2026-01-16 10:06:58,690 [INFO] PluginManager:220 - loadIPPluginJar : add plateformsettings
2026-01-16 10:06:58,693 [INFO] IPUIPlugin:80 - create IPUIPlugin
2026-01-16 10:06:58,693 [INFO] PluginManager:220 - loadIPPluginJar : add quadspi
2026-01-16 10:06:58,696 [INFO] IPUIPlugin:80 - create IPUIPlugin
2026-01-16 10:06:58,697 [INFO] PluginManager:220 - loadIPPluginJar : add radio
2026-01-16 10:06:58,703 [INFO] IPUIPlugin:80 - create IPUIPlugin
2026-01-16 10:06:58,704 [INFO] PluginManager:220 - loadIPPluginJar : add resmgrutility
2026-01-16 10:06:58,708 [INFO] IPUIPlugin:80 - create IPUIPlugin
2026-01-16 10:06:58,708 [INFO] PluginManager:220 - loadIPPluginJar : add sai
2026-01-16 10:06:58,711 [INFO] IPUIPlugin:80 - create IPUIPlugin
2026-01-16 10:06:58,711 [INFO] PluginManager:220 - loadIPPluginJar : add spi
2026-01-16 10:06:58,719 [INFO] IPUIPlugin:80 - create IPUIPlugin
2026-01-16 10:06:58,719 [INFO] PluginManager:220 - loadIPPluginJar : add stm32_wpan
2026-01-16 10:06:58,722 [INFO] IPUIPlugin:80 - create IPUIPlugin
2026-01-16 10:06:58,722 [INFO] PluginManager:220 - loadIPPluginJar : add tim
2026-01-16 10:06:58,727 [INFO] IPUIPlugin:80 - create IPUIPlugin
2026-01-16 10:06:58,727 [INFO] PluginManager:220 - loadIPPluginJar : add touchsensing
2026-01-16 10:06:58,730 [INFO] IPUIPlugin:80 - create IPUIPlugin
2026-01-16 10:06:58,730 [INFO] PluginManager:220 - loadIPPluginJar : add tracer_emb
2026-01-16 10:06:58,733 [INFO] IPUIPlugin:80 - create IPUIPlugin
2026-01-16 10:06:58,733 [INFO] PluginManager:220 - loadIPPluginJar : add ts
2026-01-16 10:06:58,736 [INFO] IPUIPlugin:80 - create IPUIPlugin
2026-01-16 10:06:58,736 [INFO] PluginManager:220 - loadIPPluginJar : add tsc
2026-01-16 10:06:58,739 [INFO] IPUIPlugin:80 - create IPUIPlugin
2026-01-16 10:06:58,739 [INFO] PluginManager:220 - loadIPPluginJar : add ucpd
2026-01-16 10:06:58,743 [INFO] IPUIPlugin:80 - create IPUIPlugin
2026-01-16 10:06:58,743 [INFO] PluginManager:220 - loadIPPluginJar : add usart
2026-01-16 10:06:58,747 [INFO] IPUIPlugin:80 - create IPUIPlugin
2026-01-16 10:06:58,747 [INFO] PluginManager:220 - loadIPPluginJar : add usbx
2026-01-16 10:06:58,886 [FATAL] Updater:351 - Updater called before beeing initialized
2026-01-16 10:06:58,918 [INFO] RulesReader:64 - Compatibility file has been processed (317 Rules)
2026-01-16 10:06:58,933 [INFO] RulesReader:64 - Compatibility file has been processed (317 Rules)
2026-01-16 10:06:58,942 [INFO] CADModel:165 - CPN selected for project level
2026-01-16 10:06:58,942 [INFO] CADModel:114 - Register for checkConnection events
2026-01-16 10:06:58,942 [FATAL] Updater:351 - Updater called before beeing initialized
2026-01-16 10:06:58,942 [ERROR] CADModel:125 - Updater not yet initialized, retry later 
2026-01-16 10:06:59,112 [FATAL] Updater:351 - Updater called before beeing initialized
2026-01-16 10:06:59,115 [INFO] CADModel:165 - CPN selected for project level
2026-01-16 10:06:59,115 [INFO] CADModel:114 - Register for checkConnection events
2026-01-16 10:06:59,115 [FATAL] Updater:351 - Updater called before beeing initialized
2026-01-16 10:06:59,115 [ERROR] CADModel:125 - Updater not yet initialized, retry later 
2026-01-16 10:06:59,118 [FATAL] Updater:351 - Updater called before beeing initialized
2026-01-16 10:06:59,291 [FATAL] Updater:351 - Updater called before beeing initialized
2026-01-16 10:06:59,294 [INFO] DbMcusAds:53 - JSON generation date=Mon Dec 08 15:28:09 CET 2025 (1765204089911)
2026-01-16 10:06:59,294 [FATAL] Updater:351 - Updater called before beeing initialized
2026-01-16 10:06:59,343 [WARN] DetailPanel:346 - Failed to get advertising image, set to default
2026-01-16 10:06:59,424 [FATAL] Updater:351 - Updater called before beeing initialized
2026-01-16 10:06:59,425 [FATAL] Updater:351 - Updater called before beeing initialized
2026-01-16 10:06:59,425 [FATAL] Updater:351 - Updater called before beeing initialized
2026-01-16 10:06:59,425 [WARN] DetailPanel:346 - Failed to get advertising image, set to default
2026-01-16 10:06:59,426 [FATAL] Updater:351 - Updater called before beeing initialized
2026-01-16 10:06:59,472 [ERROR] Updater:1198 - MainUpdater not yet initialized. External WinMGr cannot be set.
2026-01-16 10:06:59,474 [INFO] Updater:1134 - Updater Version found : 6.15.0
2026-01-16 10:06:59,490 [INFO] ApplicationProperties:184 - Using Application install path: C:\ST\STM32CubeIDE_1.19.0\STM32CubeIDE\plugins\com.st.stm32cube.common.mx_6.15.0.202507011659
2026-01-16 10:06:59,981 [INFO] MainUpdater:2872 - connection check result : 10
2026-01-16 10:06:59,981 [INFO] MainUpdater:3604 - Updater definition file requires update
2026-01-16 10:06:59,982 [INFO] MainUpdater:289 - Updater Check For Update Now.
2026-01-16 10:06:59,982 [INFO] MicroXplorer:498 - Change Database Version : DB.6.0.150
2026-01-16 10:06:59,988 [INFO] McuFinderGlobals:63 - Set McuFinder mode to 2 (CubeIDE integrated)
2026-01-16 10:06:59,989 [INFO] UserAuth:171 - activating auth plugin
2026-01-16 10:06:59,992 [INFO] UserAuth:487 - Internet connection configuration mode: 1
2026-01-16 10:07:00,021 [INFO] JxBrowserEngine:152 - Initiate JxBrowser Engine with user profile folder
2026-01-16 10:07:00,067 [INFO] ServerAccessManage:452 - Complete download http(s) 200
2026-01-16 10:07:00,068 [INFO] ServerAccessManage:509 - Download File updaters.zip
2026-01-16 10:07:00,129 [INFO] FileExtend:248 - Unzip File : updaters.zip
2026-01-16 10:07:00,129 [INFO] FileExtend:263 - Standard Zip Deflate
2026-01-16 10:07:00,460 [INFO] ServerAccessManage:452 - Complete download http(s) 200
2026-01-16 10:07:00,461 [INFO] ServerAccessManage:509 - Download File PacksControlFlags.xml
2026-01-16 10:07:00,518 [INFO] ServerAccessManage:452 - Complete download http(s) 200
2026-01-16 10:07:00,519 [INFO] ServerAccessManage:509 - Download File cubemx.pidx
2026-01-16 10:07:00,832 [WARN] MainUpdater:1193 - Updater busy. Cannot search thirdparties
2026-01-16 10:07:00,832 [INFO] ThirdPartyUpdaterWithRetryManager:96 - Updater plugin is busy. [1/15]
2026-01-16 10:07:01,863 [INFO] WebApp:169 - Instantiating new browser for Auth
2026-01-16 10:07:01,936 [INFO] ServerAccessManage:452 - Complete download http(s) 200
2026-01-16 10:07:01,936 [INFO] ServerAccessManage:509 - Download File STMicroelectronics.X-CUBE-ST67W61.pdsc
2026-01-16 10:07:03,018 [WARN] PackLoader:240 - Cannot read IP mode file for STMicroelectronics.X-CUBE-ST67W61.1.2.0
2026-01-16 10:07:03,020 [INFO] PopulateThirdPartyThread:66 - Ending populate Thread
2026-01-16 10:07:03,022 [INFO] ThirdParty:1030 - CMSIS Pack Vendor :STMicroelectronics X-CUBE-ST67W61 1.2.0
2026-01-16 10:07:03,022 [INFO] LoadServerUpdatesThread:375 - End of LoadServerUpdate Thread
2026-01-16 10:07:03,138 [INFO] CheckServerUpdateThread:120 - End of CheckServer Thread
2026-01-16 10:07:03,417 [INFO] WebApp:463 - Apply proxy settings
2026-01-16 10:07:03,417 [INFO] WebApp:548 - Chromium requires no authentication
2026-01-16 10:07:03,430 [INFO] WebApp:491 - Direct internet connection detected
2026-01-16 10:07:03,476 [INFO] WebApp:900 - Register for checkConnection events
2026-01-16 10:07:03,476 [INFO] WebApp:463 - Apply proxy settings
2026-01-16 10:07:03,476 [INFO] WebApp:548 - Chromium requires no authentication
2026-01-16 10:07:03,477 [INFO] WebApp:491 - Direct internet connection detected
2026-01-16 10:07:03,614 [INFO] WebApp:191 - Connection restablished
2026-01-16 10:07:03,983 [INFO] WebApp:225 - Starting web application
2026-01-16 10:07:03,984 [INFO] WebApp:593 - Web application path used C:\ST\STM32CubeIDE_1.19.0\STM32CubeIDE\plugins\com.st.stm32cube.common.mx_6.15.0.202507011659\db\plugins\mcufinder\reactClient1\index.html
2026-01-16 10:07:04,165 [WARN] PackLoader:240 - Cannot read IP mode file for STMicroelectronics.FP-SNS-MOTENVWB1.1.4.0
2026-01-16 10:07:04,174 [WARN] PackLoader:240 - Cannot read IP mode file for STMicroelectronics.FP-ATR-ASTRA1.2.0.2
2026-01-16 10:07:04,192 [WARN] PackLoader:240 - Cannot read IP mode file for STMicroelectronics.X-CUBE-SMBUS.2.1.0
2026-01-16 10:07:04,201 [WARN] PackLoader:240 - Cannot read IP mode file for STMicroelectronics.X-CUBE-WB05N.1.1.0
2026-01-16 10:07:04,210 [WARN] PackLoader:240 - Cannot read IP mode file for STMicroelectronics.X-CUBE-ST60.1.0.0
2026-01-16 10:07:04,240 [WARN] PackLoader:240 - Cannot read IP mode file for STMicroelectronics.X-CUBE-AZRTOS-F7.1.1.0
2026-01-16 10:07:04,252 [WARN] PackLoader:240 - Cannot read IP mode file for STMicroelectronics.FP-SNS-MOTENV1.5.1.0
2026-01-16 10:07:04,258 [WARN] PackLoader:240 - Cannot read IP mode file for STMicroelectronics.FP-SNS-FLIGHT1.5.0.2
2026-01-16 10:07:04,284 [WARN] PackLoader:240 - Cannot read IP mode file for Infineon.AIROC-Wi-Fi-Bluetooth-STM32.1.7.0
2026-01-16 10:07:04,315 [WARN] PackLoader:240 - Cannot read IP mode file for STMicroelectronics.X-CUBE-AZRTOS-H7.3.4.0
2026-01-16 10:07:04,328 [WARN] PackLoader:240 - Cannot read IP mode file for STMicroelectronics.X-CUBE-DISPLAY.3.0.0
2026-01-16 10:07:04,339 [WARN] PackLoader:240 - Cannot read IP mode file for STMicroelectronics.X-CUBE-NFC10.1.0.0
2026-01-16 10:07:04,363 [WARN] PackLoader:240 - Cannot read IP mode file for STMicroelectronics.X-CUBE-BLEMGR.4.0.0
2026-01-16 10:07:04,371 [WARN] PackLoader:240 - Cannot read IP mode file for STMicroelectronics.X-CUBE-ST60.1.1.0
2026-01-16 10:07:04,388 [WARN] PackLoader:240 - Cannot read IP mode file for emotas.I-CUBE-CANOPEN.1.3.0
2026-01-16 10:07:04,396 [WARN] PackLoader:240 - Cannot read IP mode file for STMicroelectronics.X-CUBE-GNSS1.7.1.0
2026-01-16 10:07:04,402 [WARN] ConditionMgr:438 - getConditionDescription Invalid condition id : Cortex-A Device cause : null
2026-01-16 10:07:04,421 [WARN] ConditionMgr:1044 - genDependencies : Invalid condition id : Cortex-A Device cause : null
2026-01-16 10:07:04,421 [WARN] ConditionMgr:1044 - genDependencies : Invalid condition id : Cortex-A Device cause : null
2026-01-16 10:07:04,421 [WARN] ConditionMgr:1044 - genDependencies : Invalid condition id : Cortex-A Device cause : null
2026-01-16 10:07:04,429 [WARN] PackLoader:240 - Cannot read IP mode file for STMicroelectronics.X-CUBE-AI.10.0.0
2026-01-16 10:07:04,437 [WARN] PackLoader:240 - Cannot read IP mode file for STMicroelectronics.FP-SNS-STBOX1.2.1.0
2026-01-16 10:07:04,448 [WARN] PackLoader:240 - Cannot read IP mode file for STMicroelectronics.FP-SNS-SMARTAG2.1.2.0
2026-01-16 10:07:04,452 [WARN] PackLoader:240 - Cannot read IP mode file for STMicroelectronics.FP-SNS-FLIGHT1.5.1.0
2026-01-16 10:07:04,502 [WARN] PackLoader:240 - Cannot read IP mode file for STMicroelectronics.X-CUBE-MEMS1.11.1.0
2026-01-16 10:07:04,666 [INFO] LogOutputStream:77 - [STDOUT_REDIRECT] 1 : Invalid condition id : UX_CORESTACK_Condition cause : null
2026-01-16 10:07:04,667 [INFO] LogOutputStream:77 - [STDOUT_REDIRECT] 1 : Invalid condition id : UX_CORESTACK_Condition cause : null
2026-01-16 10:07:04,668 [INFO] LogOutputStream:77 - [STDOUT_REDIRECT] 1 : Invalid condition id : UX_CORESTACK_Condition cause : null
2026-01-16 10:07:04,669 [INFO] LogOutputStream:77 - [STDOUT_REDIRECT] 1 : Invalid condition id : UX_CORESTACK_Condition cause : null
2026-01-16 10:07:04,670 [INFO] LogOutputStream:77 - [STDOUT_REDIRECT] 1 : Invalid condition id : UX_CORESTACK_Condition cause : null
2026-01-16 10:07:04,674 [WARN] PackLoader:240 - Cannot read IP mode file for STMicroelectronics.X-CUBE-AZRTOS-WL.2.0.0
2026-01-16 10:07:04,682 [WARN] PackLoader:240 - Cannot read IP mode file for STMicroelectronics.FP-SNS-MOTENV1.5.0.0
2026-01-16 10:07:04,702 [WARN] PackLoader:240 - Cannot read IP mode file for STMicroelectronics.X-CUBE-AZRTOS-H7RS.1.2.0
2026-01-16 10:07:04,713 [WARN] PackLoader:240 - Cannot read IP mode file for WES.I-CUBE-Cesium.1.3.0
2026-01-16 10:07:04,718 [WARN] PackLoader:240 - Cannot read IP mode file for STMicroelectronics.X-CUBE-BLE2.3.3.0
2026-01-16 10:07:04,737 [WARN] PackLoader:240 - Cannot read IP mode file for STMicroelectronics.X-CUBE-NFC9.1.0.0
2026-01-16 10:07:04,744 [WARN] PackLoader:240 - Cannot read IP mode file for STMicroelectronics.X-CUBE-BLE1.7.1.0
2026-01-16 10:07:04,748 [WARN] PackLoader:240 - Cannot read IP mode file for wolfSSL.I-CUBE-wolfMQTT.1.19.2
2026-01-16 10:07:04,754 [WARN] PackLoader:240 - Cannot read IP mode file for STMicroelectronics.X-CUBE-FREERTOS.1.4.0
2026-01-16 10:07:04,762 [WARN] PackLoader:240 - Cannot read IP mode file for STMicroelectronics.X-CUBE-EEPRMA1.5.2.0
2026-01-16 10:07:04,770 [WARN] PackLoader:240 - Cannot read IP mode file for STMicroelectronics.X-CUBE-ST67W61.1.1.0
2026-01-16 10:07:04,777 [WARN] PackLoader:240 - Cannot read IP mode file for STMicroelectronics.X-CUBE-AI.10.1.0
2026-01-16 10:07:04,816 [WARN] PackLoader:240 - Cannot read IP mode file for STMicroelectronics.X-CUBE-MEMS1.12.0.0
2026-01-16 10:07:04,923 [WARN] PackLoader:240 - Cannot read IP mode file for STMicroelectronics.X-CUBE-MEMS1.11.2.0
2026-01-16 10:07:05,066 [WARN] PackLoader:240 - Cannot read IP mode file for STMicroelectronics.X-CUBE-AZRTOS-G0.1.1.0
2026-01-16 10:07:05,076 [WARN] PackLoader:240 - Cannot read IP mode file for STMicroelectronics.X-CUBE-SAFEA1.1.2.2
2026-01-16 10:07:05,094 [WARN] PackLoader:240 - Cannot read IP mode file for STMicroelectronics.X-CUBE-NFC4.3.0.0
2026-01-16 10:07:05,103 [WARN] PackLoader:240 - Cannot read IP mode file for EmbeddedOffice.I-CUBE-FS-RTOS.1.0.1
2026-01-16 10:07:05,110 [WARN] PackLoader:240 - Cannot read IP mode file for STMicroelectronics.X-CUBE-WB05N.2.0.0
2026-01-16 10:07:05,115 [WARN] PackLoader:240 - Cannot read IP mode file for wolfSSL.I-CUBE-wolfTPM.3.8.0
2026-01-16 10:07:05,121 [WARN] PackLoader:240 - Cannot read IP mode file for STMicroelectronics.X-CUBE-TCPP.4.2.0
2026-01-16 10:07:05,133 [WARN] PackLoader:240 - Cannot read IP mode file for RealThread.X-CUBE-RT-Thread_Nano.4.1.1
2026-01-16 10:07:05,138 [WARN] PackLoader:240 - Cannot read IP mode file for STMicroelectronics.FP-ATR-SIGFOX1.3.2.0
2026-01-16 10:07:05,145 [WARN] PackLoader:240 - Cannot read IP mode file for STMicroelectronics.X-CUBE-EEPRMA1.5.1.0
2026-01-16 10:07:05,151 [WARN] PackLoader:240 - Cannot read IP mode file for wolfSSL.I-CUBE-wolfSSL.5.7.6
2026-01-16 10:07:05,160 [WARN] PackLoader:240 - Cannot read IP mode file for ITTIA_DB.I-CUBE-ITTIADB.8.9.0
2026-01-16 10:07:05,168 [WARN] PackLoader:240 - Cannot read IP mode file for STMicroelectronics.X-CUBE-ST67W61.1.0.0
2026-01-16 10:07:05,176 [WARN] PackLoader:240 - Cannot read IP mode file for STMicroelectronics.X-CUBE-AI.10.2.0
2026-01-16 10:07:05,205 [WARN] PackLoader:240 - Cannot read IP mode file for SEGGER.I-CUBE-embOS.1.3.1
2026-01-16 10:07:05,239 [WARN] PackLoader:240 - Cannot read IP mode file for STMicroelectronics.X-CUBE-ALGOBUILD.1.4.0
2026-01-16 10:07:05,273 [WARN] PackLoader:240 - Cannot read IP mode file for STMicroelectronics.X-CUBE-MEMS1.11.3.0
2026-01-16 10:07:05,380 [WARN] PackLoader:240 - Cannot read IP mode file for STMicroelectronics.X-CUBE-PM33A1.1.0.0
2026-01-16 10:07:05,397 [WARN] PackLoader:240 - Cannot read IP mode file for STMicroelectronics.X-CUBE-AZRTOS-F4.1.1.0
2026-01-16 10:07:05,402 [WARN] PackLoader:240 - Cannot read IP mode file for Avnet-IotConnect.X-CUBE-IoTC-DA16k-PMOD.1.0.0
2026-01-16 10:07:05,407 [WARN] PackLoader:240 - Cannot read IP mode file for STMicroelectronics.X-CUBE-ISPU.2.1.0
2026-01-16 10:07:05,418 [WARN] PackLoader:240 - Cannot read IP mode file for STMicroelectronics.X-CUBE-IPS.3.2.0
2026-01-16 10:07:05,430 [WARN] PackLoader:240 - Cannot read IP mode file for STMicroelectronics.X-CUBE-NFC12.1.0.0
2026-01-16 10:07:05,448 [WARN] PackLoader:240 - Cannot read IP mode file for STMicroelectronics.X-CUBE-AZRTOS-L5.2.0.0
2026-01-16 10:07:05,467 [WARN] PackLoader:240 - Cannot read IP mode file for STMicroelectronics.X-CUBE-NFC6.3.1.0
2026-01-16 10:07:05,475 [WARN] PackLoader:240 - Cannot read IP mode file for STMicroelectronics.X-CUBE-DPower.1.2.0
2026-01-16 10:07:05,480 [WARN] PackLoader:240 - Cannot read IP mode file for STMicroelectronics.X-CUBE-FREERTOS.1.3.1
2026-01-16 10:07:05,485 [WARN] PackLoader:240 - Cannot read IP mode file for STMicroelectronics.X-CUBE-FREERTOS.1.3.0
2026-01-16 10:07:05,489 [WARN] PackLoader:240 - Cannot read IP mode file for STMicroelectronics.X-CUBE-NFC7.1.0.1
2026-01-16 10:07:05,497 [WARN] PackLoader:240 - Cannot read IP mode file for STMicroelectronics.X-CUBE-TOUCHGFX.4.26.0
2026-01-16 10:07:05,502 [WARN] PackLoader:240 - Cannot read IP mode file for STMicroelectronics.FP-SNS-STAIOTCFT.1.0.0
2026-01-16 10:07:05,506 [WARN] PackLoader:240 - Cannot read IP mode file for STMicroelectronics.X-CUBE-DPower.1.3.0
2026-01-16 10:07:05,522 [WARN] ConditionMgr:438 - getConditionDescription Invalid condition id : LAN8742 Phy interface Condition cause : null
2026-01-16 10:07:05,523 [WARN] PackLoader:240 - Cannot read IP mode file for STMicroelectronics.X-CUBE-AZRTOS-L4.2.0.0
2026-01-16 10:07:05,524 [WARN] ConditionMgr:1044 - genDependencies : Invalid condition id : LAN8742 Phy interface Condition cause : null
2026-01-16 10:07:05,525 [WARN] ConditionMgr:1044 - genDependencies : Invalid condition id : LAN8742 Phy interface Condition cause : null
2026-01-16 10:07:05,526 [WARN] ConditionMgr:1044 - genDependencies : Invalid condition id : LAN8742 Phy interface Condition cause : null
2026-01-16 10:07:05,533 [WARN] PackLoader:240 - Cannot read IP mode file for STMicroelectronics.X-CUBE-SFXS2LP1.4.0.0
2026-01-16 10:07:05,538 [WARN] PackLoader:240 - Cannot read IP mode file for STMicroelectronics.X-CUBE-ST67W61.1.2.0
2026-01-16 10:07:05,556 [WARN] PackLoader:240 - Cannot read IP mode file for STMicroelectronics.X-CUBE-AZRTOS-H7.3.3.0
2026-01-16 10:07:05,569 [WARN] PackLoader:240 - Cannot read IP mode file for STMicroelectronics.X-CUBE-BLEMGR.4.1.0
2026-01-16 10:07:05,583 [WARN] ConditionMgr:438 - getConditionDescription Invalid condition id : UX DEVICE CLASS RTOS Condition cause : null
2026-01-16 10:07:05,583 [WARN] ConditionMgr:438 - getConditionDescription Invalid condition id : UX DEVICE CLASS RTOS Condition cause : null
2026-01-16 10:07:05,585 [WARN] PackLoader:240 - Cannot read IP mode file for STMicroelectronics.X-CUBE-AZRTOS-WB.2.0.0
2026-01-16 10:07:05,585 [WARN] ConditionMgr:1044 - genDependencies : Invalid condition id : UX DEVICE CLASS RTOS Condition cause : null
2026-01-16 10:07:05,585 [WARN] ConditionMgr:1044 - genDependencies : Invalid condition id : UX DEVICE CLASS RTOS Condition cause : null
2026-01-16 10:07:05,586 [WARN] ConditionMgr:1044 - genDependencies : Invalid condition id : UX DEVICE CLASS RTOS Condition cause : null
2026-01-16 10:07:05,586 [WARN] ConditionMgr:1044 - genDependencies : Invalid condition id : UX DEVICE CLASS RTOS Condition cause : null
2026-01-16 10:07:05,586 [WARN] ConditionMgr:1044 - genDependencies : Invalid condition id : UX DEVICE CLASS RTOS Condition cause : null
2026-01-16 10:07:05,592 [WARN] PackLoader:240 - Cannot read IP mode file for STMicroelectronics.X-CUBE-GNSS1.7.0.1
2026-01-16 10:07:05,596 [WARN] PackLoader:240 - Cannot read IP mode file for STMicroelectronics.X-CUBE-TOUCHGFX.4.25.0
2026-01-16 10:07:05,602 [WARN] PackLoader:240 - Cannot read IP mode file for STMicroelectronics.FP-SNS-STBOX1.2.0.0
2026-01-16 10:07:05,614 [WARN] PackLoader:240 - Cannot read IP mode file for STMicroelectronics.X-CUBE-SUBG2.5.0.0
2026-01-16 10:07:05,632 [WARN] PackLoader:240 - Cannot read IP mode file for STMicroelectronics.X-CUBE-AZRTOS-H7RS.1.1.0
2026-01-16 10:07:05,639 [WARN] PackLoader:240 - Cannot read IP mode file for Cesanta.I-CUBE-Mongoose.7.13.0
2026-01-16 10:07:05,650 [WARN] PackLoader:240 - Cannot read IP mode file for STMicroelectronics.X-CUBE-AZRTOS-G4.2.0.0
2026-01-16 10:07:05,655 [WARN] PackLoader:240 - Cannot read IP mode file for wolfSSL.I-CUBE-wolfSSH.1.4.20
2026-01-16 10:07:05,659 [WARN] PackLoader:240 - Cannot read IP mode file for STMicroelectronics.X-CUBE-NFC7.2.0.0
2026-01-16 10:07:05,669 [WARN] PackLoader:240 - Cannot read IP mode file for STMicroelectronics.X-CUBE-IPS.3.1.0
2026-01-16 10:07:05,676 [WARN] PackLoader:240 - Cannot read IP mode file for STMicroelectronics.X-CUBE-ALS.1.0.2
2026-01-16 10:07:05,682 [WARN] PackLoader:240 - Cannot read IP mode file for STMicroelectronics.X-CUBE-STSE01.1.0.0
2026-01-16 10:07:05,688 [WARN] PackLoader:240 - Cannot read IP mode file for portGmbH.I-Cube-SoM-uGOAL.1.1.0
2026-01-16 10:07:05,704 [WARN] PackLoader:240 - Cannot read IP mode file for STMicroelectronics.X-CUBE-AZRTOS-H7RS.1.0.0
2026-01-16 10:07:05,716 [WARN] PackLoader:240 - Cannot read IP mode file for STMicroelectronics.X-CUBE-TOF1.3.4.2
2026-01-16 10:07:05,731 [WARN] PackLoader:240 - Cannot read IP mode file for STMicroelectronics.X-CUBE-TOF1.3.4.3
2026-01-16 10:07:05,739 [INFO] ThirdParty:978 - Integrity check success = true
2026-01-16 10:07:05,739 [INFO] IntegrityCheckThread:100 - exiting critical section [integrity check]
2026-01-16 10:07:05,739 [INFO] IntegrityCheckThread:103 - End integrity checks thread
2026-01-16 15:45:02,181 [ERROR] LogOutputStream:75 - [STDERR_REDIRECT] 
