2023-03-06 13:04:53,881 7114873 WARN       THROWING[ EXCEPTION ] at.lcm.communication.hardware.Serial 662 fread - throwing java.io.IOException: Timeout
	at at.lcm.communication.hardware.Serial.fread(Serial.java:662) [Hardware.jar:local rlocal -- 2021-07-21 11:31:06]
	at at.lcm.communication.hardware.Serial.fread(Serial.java:643) [Hardware.jar:local rlocal -- 2021-07-21 11:31:06]
	at at.lcm.x2c.communication.protocol.LNetV6.fread(LNetV6.java:1160) [Core.jar:jenkins-X2C-edu-491 r2727 -- 491]
	at at.lcm.x2c.communication.protocol.LNetV6.communicate(LNetV6.java:2002) [Core.jar:jenkins-X2C-edu-491 r2727 -- 491]
	at at.lcm.x2c.communication.protocol.LNetV6.getBlock(LNetV6.java:761) [Core.jar:jenkins-X2C-edu-491 r2727 -- 491]
	at at.lcm.x2c.communication.protocol.LNetV6.getRAMBlock8Bit(LNetV6.java:550) [Core.jar:jenkins-X2C-edu-491 r2727 -- 491]
	at at.lcm.x2c.scope.Scope.addDspData2ChannelData(Scope.java:724) [Core.jar:jenkins-X2C-edu-491 r2727 -- 491]
	at at.lcm.x2c.scope.Scope.updateSamplingData(Scope.java:1616) [Core.jar:jenkins-X2C-edu-491 r2727 -- 491]
	at at.lcm.x2c.scope.Scope$SampleThread.run(Scope.java:652) [Core.jar:jenkins-X2C-edu-491 r2727 -- 491]
	at java.lang.Thread.run(Thread.java:748) [?:1.8.0_202]

2023-03-06 13:16:56,657 7837649 WARN       THROWING[ EXCEPTION ] at.lcm.communication.hardware.Serial 662 fread - throwing java.io.IOException: Timeout
	at at.lcm.communication.hardware.Serial.fread(Serial.java:662) [Hardware.jar:local rlocal -- 2021-07-21 11:31:06]
	at at.lcm.communication.hardware.Serial.fread(Serial.java:643) [Hardware.jar:local rlocal -- 2021-07-21 11:31:06]
	at at.lcm.x2c.communication.protocol.LNetV6.fread(LNetV6.java:1160) [Core.jar:jenkins-X2C-edu-491 r2727 -- 491]
	at at.lcm.x2c.communication.protocol.LNetV6.communicate(LNetV6.java:2002) [Core.jar:jenkins-X2C-edu-491 r2727 -- 491]
	at at.lcm.x2c.communication.protocol.LNetV6.getBlock(LNetV6.java:761) [Core.jar:jenkins-X2C-edu-491 r2727 -- 491]
	at at.lcm.x2c.communication.protocol.LNetV6.getRAMBlock8Bit(LNetV6.java:550) [Core.jar:jenkins-X2C-edu-491 r2727 -- 491]
	at at.lcm.x2c.scope.Scope.addDspData2ChannelData(Scope.java:724) [Core.jar:jenkins-X2C-edu-491 r2727 -- 491]
	at at.lcm.x2c.scope.Scope.updateSamplingData(Scope.java:1616) [Core.jar:jenkins-X2C-edu-491 r2727 -- 491]
	at at.lcm.x2c.scope.Scope$SampleThread.run(Scope.java:652) [Core.jar:jenkins-X2C-edu-491 r2727 -- 491]
	at java.lang.Thread.run(Thread.java:748) [?:1.8.0_202]

2023-03-06 13:17:53,779 7894771 WARN       THROWING[ EXCEPTION ] at.lcm.communication.hardware.Serial 662 fread - throwing java.io.IOException: Timeout
	at at.lcm.communication.hardware.Serial.fread(Serial.java:662) [Hardware.jar:local rlocal -- 2021-07-21 11:31:06]
	at at.lcm.communication.hardware.Serial.fread(Serial.java:643) [Hardware.jar:local rlocal -- 2021-07-21 11:31:06]
	at at.lcm.x2c.communication.protocol.LNetV6.fread(LNetV6.java:1160) [Core.jar:jenkins-X2C-edu-491 r2727 -- 491]
	at at.lcm.x2c.communication.protocol.LNetV6.communicate(LNetV6.java:2002) [Core.jar:jenkins-X2C-edu-491 r2727 -- 491]
	at at.lcm.x2c.communication.protocol.LNetV6.getBlock(LNetV6.java:761) [Core.jar:jenkins-X2C-edu-491 r2727 -- 491]
	at at.lcm.x2c.communication.protocol.LNetV6.getRAMBlock8Bit(LNetV6.java:550) [Core.jar:jenkins-X2C-edu-491 r2727 -- 491]
	at at.lcm.x2c.scope.Scope.addDspData2ChannelData(Scope.java:724) [Core.jar:jenkins-X2C-edu-491 r2727 -- 491]
	at at.lcm.x2c.scope.Scope.updateSamplingData(Scope.java:1616) [Core.jar:jenkins-X2C-edu-491 r2727 -- 491]
	at at.lcm.x2c.scope.Scope$SampleThread.run(Scope.java:652) [Core.jar:jenkins-X2C-edu-491 r2727 -- 491]
	at java.lang.Thread.run(Thread.java:748) [?:1.8.0_202]

2023-03-06 13:20:04,489 8025481 WARN       THROWING[ EXCEPTION ] at.lcm.communication.hardware.Serial 662 fread - throwing java.io.IOException: Timeout
	at at.lcm.communication.hardware.Serial.fread(Serial.java:662) [Hardware.jar:local rlocal -- 2021-07-21 11:31:06]
	at at.lcm.communication.hardware.Serial.fread(Serial.java:643) [Hardware.jar:local rlocal -- 2021-07-21 11:31:06]
	at at.lcm.x2c.communication.protocol.LNetV6.fread(LNetV6.java:1160) [Core.jar:jenkins-X2C-edu-491 r2727 -- 491]
	at at.lcm.x2c.communication.protocol.LNetV6.communicate(LNetV6.java:2002) [Core.jar:jenkins-X2C-edu-491 r2727 -- 491]
	at at.lcm.x2c.communication.protocol.LNetV6.loadParameter(LNetV6.java:2116) [Core.jar:jenkins-X2C-edu-491 r2727 -- 491]
	at at.lcm.x2c.communication.protocol.LNetV6.loadParameter(LNetV6.java:2079) [Core.jar:jenkins-X2C-edu-491 r2727 -- 491]
	at at.lcm.x2c.scope.Scope.getState(Scope.java:428) [Core.jar:jenkins-X2C-edu-491 r2727 -- 491]
	at at.lcm.x2c.scope.Scope.isFinished(Scope.java:1598) [Core.jar:jenkins-X2C-edu-491 r2727 -- 491]
	at at.lcm.x2c.scope.Scope$SampleThread.run(Scope.java:650) [Core.jar:jenkins-X2C-edu-491 r2727 -- 491]
	at java.lang.Thread.run(Thread.java:748) [?:1.8.0_202]

2023-03-06 13:20:33,154 8054146 WARN       THROWING[ EXCEPTION ] at.lcm.communication.hardware.Serial 662 fread - throwing java.io.IOException: Timeout
	at at.lcm.communication.hardware.Serial.fread(Serial.java:662) [Hardware.jar:local rlocal -- 2021-07-21 11:31:06]
	at at.lcm.communication.hardware.Serial.fread(Serial.java:643) [Hardware.jar:local rlocal -- 2021-07-21 11:31:06]
	at at.lcm.x2c.communication.protocol.LNetV6.fread(LNetV6.java:1160) [Core.jar:jenkins-X2C-edu-491 r2727 -- 491]
	at at.lcm.x2c.communication.protocol.LNetV6.communicate(LNetV6.java:2002) [Core.jar:jenkins-X2C-edu-491 r2727 -- 491]
	at at.lcm.x2c.communication.protocol.LNetV6.loadParameter(LNetV6.java:2116) [Core.jar:jenkins-X2C-edu-491 r2727 -- 491]
	at at.lcm.x2c.communication.protocol.LNetV6.loadParameter(LNetV6.java:2079) [Core.jar:jenkins-X2C-edu-491 r2727 -- 491]
	at at.lcm.x2c.scope.Scope.getState(Scope.java:428) [Core.jar:jenkins-X2C-edu-491 r2727 -- 491]
	at at.lcm.x2c.scope.Scope.isFinished(Scope.java:1598) [Core.jar:jenkins-X2C-edu-491 r2727 -- 491]
	at at.lcm.x2c.scope.Scope$SampleThread.run(Scope.java:650) [Core.jar:jenkins-X2C-edu-491 r2727 -- 491]
	at java.lang.Thread.run(Thread.java:748) [?:1.8.0_202]

2023-03-06 13:21:41,454 8122446 WARN       THROWING[ EXCEPTION ] at.lcm.communication.hardware.Serial 662 fread - throwing java.io.IOException: Timeout
	at at.lcm.communication.hardware.Serial.fread(Serial.java:662) [Hardware.jar:local rlocal -- 2021-07-21 11:31:06]
	at at.lcm.communication.hardware.Serial.fread(Serial.java:643) [Hardware.jar:local rlocal -- 2021-07-21 11:31:06]
	at at.lcm.x2c.communication.protocol.LNetV6.fread(LNetV6.java:1160) [Core.jar:jenkins-X2C-edu-491 r2727 -- 491]
	at at.lcm.x2c.communication.protocol.LNetV6.communicate(LNetV6.java:2002) [Core.jar:jenkins-X2C-edu-491 r2727 -- 491]
	at at.lcm.x2c.communication.protocol.LNetV6.getBlock(LNetV6.java:761) [Core.jar:jenkins-X2C-edu-491 r2727 -- 491]
	at at.lcm.x2c.communication.protocol.LNetV6.getRAMBlock8Bit(LNetV6.java:550) [Core.jar:jenkins-X2C-edu-491 r2727 -- 491]
	at at.lcm.x2c.scope.Scope.addDspData2ChannelData(Scope.java:724) [Core.jar:jenkins-X2C-edu-491 r2727 -- 491]
	at at.lcm.x2c.scope.Scope.updateSamplingData(Scope.java:1616) [Core.jar:jenkins-X2C-edu-491 r2727 -- 491]
	at at.lcm.x2c.scope.Scope$SampleThread.run(Scope.java:652) [Core.jar:jenkins-X2C-edu-491 r2727 -- 491]
	at java.lang.Thread.run(Thread.java:748) [?:1.8.0_202]

2023-03-06 14:37:27,387 12668379 WARN       THROWING[ EXCEPTION ] at.lcm.communication.hardware.Serial 662 fread - throwing java.io.IOException: Timeout
	at at.lcm.communication.hardware.Serial.fread(Serial.java:662) [Hardware.jar:local rlocal -- 2021-07-21 11:31:06]
	at at.lcm.communication.hardware.Serial.fread(Serial.java:643) [Hardware.jar:local rlocal -- 2021-07-21 11:31:06]
	at at.lcm.x2c.communication.protocol.LNetV6.fread(LNetV6.java:1160) [Core.jar:jenkins-X2C-edu-491 r2727 -- 491]
	at at.lcm.x2c.communication.protocol.LNetV6.communicate(LNetV6.java:2002) [Core.jar:jenkins-X2C-edu-491 r2727 -- 491]
	at at.lcm.x2c.communication.protocol.LNetV6.loadParameter(LNetV6.java:2116) [Core.jar:jenkins-X2C-edu-491 r2727 -- 491]
	at at.lcm.x2c.communication.protocol.LNetV6.loadParameter(LNetV6.java:2079) [Core.jar:jenkins-X2C-edu-491 r2727 -- 491]
	at at.lcm.x2c.scope.Scope.getState(Scope.java:428) [Core.jar:jenkins-X2C-edu-491 r2727 -- 491]
	at at.lcm.x2c.scope.Scope.isFinished(Scope.java:1598) [Core.jar:jenkins-X2C-edu-491 r2727 -- 491]
	at at.lcm.x2c.scope.Scope$SampleThread.run(Scope.java:650) [Core.jar:jenkins-X2C-edu-491 r2727 -- 491]
	at java.lang.Thread.run(Thread.java:748) [?:1.8.0_202]

2023-03-06 14:40:32,997 12853989 WARN       THROWING[ EXCEPTION ] at.lcm.communication.hardware.Serial 662 fread - throwing java.io.IOException: Timeout
	at at.lcm.communication.hardware.Serial.fread(Serial.java:662) [Hardware.jar:local rlocal -- 2021-07-21 11:31:06]
	at at.lcm.communication.hardware.Serial.fread(Serial.java:643) [Hardware.jar:local rlocal -- 2021-07-21 11:31:06]
	at at.lcm.x2c.communication.protocol.LNetV6.fread(LNetV6.java:1160) [Core.jar:jenkins-X2C-edu-491 r2727 -- 491]
	at at.lcm.x2c.communication.protocol.LNetV6.communicate(LNetV6.java:2002) [Core.jar:jenkins-X2C-edu-491 r2727 -- 491]
	at at.lcm.x2c.communication.protocol.LNetV6.loadParameter(LNetV6.java:2116) [Core.jar:jenkins-X2C-edu-491 r2727 -- 491]
	at at.lcm.x2c.communication.protocol.LNetV6.loadParameter(LNetV6.java:2079) [Core.jar:jenkins-X2C-edu-491 r2727 -- 491]
	at at.lcm.x2c.scope.Scope.getState(Scope.java:428) [Core.jar:jenkins-X2C-edu-491 r2727 -- 491]
	at at.lcm.x2c.scope.Scope.isFinished(Scope.java:1598) [Core.jar:jenkins-X2C-edu-491 r2727 -- 491]
	at at.lcm.x2c.scope.Scope$SampleThread.run(Scope.java:650) [Core.jar:jenkins-X2C-edu-491 r2727 -- 491]
	at java.lang.Thread.run(Thread.java:748) [?:1.8.0_202]

2023-03-06 14:52:55,144 13596136 WARN       THROWING[ EXCEPTION ] at.lcm.communication.hardware.Serial 662 fread - throwing java.io.IOException: Timeout
	at at.lcm.communication.hardware.Serial.fread(Serial.java:662) [Hardware.jar:local rlocal -- 2021-07-21 11:31:06]
	at at.lcm.communication.hardware.Serial.fread(Serial.java:643) [Hardware.jar:local rlocal -- 2021-07-21 11:31:06]
	at at.lcm.x2c.communication.protocol.LNetV6.fread(LNetV6.java:1160) [Core.jar:jenkins-X2C-edu-491 r2727 -- 491]
	at at.lcm.x2c.communication.protocol.LNetV6.communicate(LNetV6.java:2002) [Core.jar:jenkins-X2C-edu-491 r2727 -- 491]
	at at.lcm.x2c.communication.protocol.LNetV6.getBlock(LNetV6.java:761) [Core.jar:jenkins-X2C-edu-491 r2727 -- 491]
	at at.lcm.x2c.communication.protocol.LNetV6.getRAMBlock8Bit(LNetV6.java:550) [Core.jar:jenkins-X2C-edu-491 r2727 -- 491]
	at at.lcm.x2c.scope.Scope.addDspData2ChannelData(Scope.java:724) [Core.jar:jenkins-X2C-edu-491 r2727 -- 491]
	at at.lcm.x2c.scope.Scope.updateSamplingData(Scope.java:1616) [Core.jar:jenkins-X2C-edu-491 r2727 -- 491]
	at at.lcm.x2c.scope.Scope$SampleThread.run(Scope.java:652) [Core.jar:jenkins-X2C-edu-491 r2727 -- 491]
	at java.lang.Thread.run(Thread.java:748) [?:1.8.0_202]

2023-03-06 15:56:27,377 17408369 WARN       THROWING[ EXCEPTION ] at.lcm.communication.hardware.Serial 662 fread - throwing java.io.IOException: Timeout
	at at.lcm.communication.hardware.Serial.fread(Serial.java:662) [Hardware.jar:local rlocal -- 2021-07-21 11:31:06]
	at at.lcm.communication.hardware.Serial.fread(Serial.java:643) [Hardware.jar:local rlocal -- 2021-07-21 11:31:06]
	at at.lcm.x2c.communication.protocol.LNetV6.fread(LNetV6.java:1160) [Core.jar:jenkins-X2C-edu-491 r2727 -- 491]
	at at.lcm.x2c.communication.protocol.LNetV6.communicate(LNetV6.java:2002) [Core.jar:jenkins-X2C-edu-491 r2727 -- 491]
	at at.lcm.x2c.communication.protocol.LNetV6.loadParameter(LNetV6.java:2116) [Core.jar:jenkins-X2C-edu-491 r2727 -- 491]
	at at.lcm.x2c.communication.protocol.LNetV6.loadParameter(LNetV6.java:2079) [Core.jar:jenkins-X2C-edu-491 r2727 -- 491]
	at at.lcm.x2c.scope.Scope.getState(Scope.java:428) [Core.jar:jenkins-X2C-edu-491 r2727 -- 491]
	at at.lcm.x2c.scope.Scope.isFinished(Scope.java:1598) [Core.jar:jenkins-X2C-edu-491 r2727 -- 491]
	at at.lcm.x2c.scope.Scope$SampleThread.run(Scope.java:650) [Core.jar:jenkins-X2C-edu-491 r2727 -- 491]
	at java.lang.Thread.run(Thread.java:748) [?:1.8.0_202]

2023-03-06 16:13:35,607 18436599 WARN       THROWING[ EXCEPTION ] at.lcm.communication.hardware.Serial 662 fread - throwing java.io.IOException: Timeout
	at at.lcm.communication.hardware.Serial.fread(Serial.java:662) [Hardware.jar:local rlocal -- 2021-07-21 11:31:06]
	at at.lcm.communication.hardware.Serial.fread(Serial.java:643) [Hardware.jar:local rlocal -- 2021-07-21 11:31:06]
	at at.lcm.x2c.communication.protocol.LNetV6.fread(LNetV6.java:1160) [Core.jar:jenkins-X2C-edu-491 r2727 -- 491]
	at at.lcm.x2c.communication.protocol.LNetV6.communicate(LNetV6.java:2002) [Core.jar:jenkins-X2C-edu-491 r2727 -- 491]
	at at.lcm.x2c.communication.protocol.LNetV6.getBlock(LNetV6.java:761) [Core.jar:jenkins-X2C-edu-491 r2727 -- 491]
	at at.lcm.x2c.communication.protocol.LNetV6.getRAMBlock8Bit(LNetV6.java:550) [Core.jar:jenkins-X2C-edu-491 r2727 -- 491]
	at at.lcm.x2c.scope.Scope.addDspData2ChannelData(Scope.java:724) [Core.jar:jenkins-X2C-edu-491 r2727 -- 491]
	at at.lcm.x2c.scope.Scope.updateSamplingData(Scope.java:1616) [Core.jar:jenkins-X2C-edu-491 r2727 -- 491]
	at at.lcm.x2c.scope.Scope$SampleThread.run(Scope.java:652) [Core.jar:jenkins-X2C-edu-491 r2727 -- 491]
	at java.lang.Thread.run(Thread.java:748) [?:1.8.0_202]

2023-03-06 16:33:41,909 19642901 WARN       THROWING[ EXCEPTION ] at.lcm.communication.hardware.Serial 662 fread - throwing java.io.IOException: Timeout
	at at.lcm.communication.hardware.Serial.fread(Serial.java:662) [Hardware.jar:local rlocal -- 2021-07-21 11:31:06]
	at at.lcm.communication.hardware.Serial.fread(Serial.java:643) [Hardware.jar:local rlocal -- 2021-07-21 11:31:06]
	at at.lcm.x2c.communication.protocol.LNetV6.fread(LNetV6.java:1160) [Core.jar:jenkins-X2C-edu-491 r2727 -- 491]
	at at.lcm.x2c.communication.protocol.LNetV6.communicate(LNetV6.java:2002) [Core.jar:jenkins-X2C-edu-491 r2727 -- 491]
	at at.lcm.x2c.communication.protocol.LNetV6.getBlock(LNetV6.java:761) [Core.jar:jenkins-X2C-edu-491 r2727 -- 491]
	at at.lcm.x2c.communication.protocol.LNetV6.getRAMBlock8Bit(LNetV6.java:550) [Core.jar:jenkins-X2C-edu-491 r2727 -- 491]
	at at.lcm.x2c.scope.Scope.addDspData2ChannelData(Scope.java:724) [Core.jar:jenkins-X2C-edu-491 r2727 -- 491]
	at at.lcm.x2c.scope.Scope.updateSamplingData(Scope.java:1616) [Core.jar:jenkins-X2C-edu-491 r2727 -- 491]
	at at.lcm.x2c.scope.Scope$SampleThread.run(Scope.java:652) [Core.jar:jenkins-X2C-edu-491 r2727 -- 491]
	at java.lang.Thread.run(Thread.java:748) [?:1.8.0_202]

2023-03-06 16:33:43,034 19644026 WARN       THROWING[ EXCEPTION ] at.lcm.communication.hardware.Serial 662 fread - throwing java.io.IOException: Timeout
	at at.lcm.communication.hardware.Serial.fread(Serial.java:662) [Hardware.jar:local rlocal -- 2021-07-21 11:31:06]
	at at.lcm.communication.hardware.Serial.fread(Serial.java:643) [Hardware.jar:local rlocal -- 2021-07-21 11:31:06]
	at at.lcm.x2c.communication.protocol.LNetV6.fread(LNetV6.java:1160) [Core.jar:jenkins-X2C-edu-491 r2727 -- 491]
	at at.lcm.x2c.communication.protocol.LNetV6.communicate(LNetV6.java:2002) [Core.jar:jenkins-X2C-edu-491 r2727 -- 491]
	at at.lcm.x2c.communication.protocol.LNetV6.loadParameter(LNetV6.java:2116) [Core.jar:jenkins-X2C-edu-491 r2727 -- 491]
	at at.lcm.x2c.communication.protocol.LNetV6.loadParameter(LNetV6.java:2079) [Core.jar:jenkins-X2C-edu-491 r2727 -- 491]
	at at.lcm.x2c.scope.Scope.getState(Scope.java:428) [Core.jar:jenkins-X2C-edu-491 r2727 -- 491]
	at at.lcm.x2c.scope.Scope.isFinished(Scope.java:1598) [Core.jar:jenkins-X2C-edu-491 r2727 -- 491]
	at at.lcm.x2c.scope.Scope$SampleThread.run(Scope.java:650) [Core.jar:jenkins-X2C-edu-491 r2727 -- 491]
	at java.lang.Thread.run(Thread.java:748) [?:1.8.0_202]

2023-03-06 16:33:44,146 19645138 WARN       THROWING[ EXCEPTION ] at.lcm.communication.hardware.Serial 662 fread - throwing java.io.IOException: Timeout
	at at.lcm.communication.hardware.Serial.fread(Serial.java:662) [Hardware.jar:local rlocal -- 2021-07-21 11:31:06]
	at at.lcm.communication.hardware.Serial.fread(Serial.java:643) [Hardware.jar:local rlocal -- 2021-07-21 11:31:06]
	at at.lcm.x2c.communication.protocol.LNetV6.fread(LNetV6.java:1160) [Core.jar:jenkins-X2C-edu-491 r2727 -- 491]
	at at.lcm.x2c.communication.protocol.LNetV6.communicate(LNetV6.java:2002) [Core.jar:jenkins-X2C-edu-491 r2727 -- 491]
	at at.lcm.x2c.communication.protocol.LNetV6.loadParameter(LNetV6.java:2116) [Core.jar:jenkins-X2C-edu-491 r2727 -- 491]
	at at.lcm.x2c.communication.protocol.LNetV6.loadParameter(LNetV6.java:2079) [Core.jar:jenkins-X2C-edu-491 r2727 -- 491]
	at at.lcm.x2c.scope.Scope.getState(Scope.java:428) [Core.jar:jenkins-X2C-edu-491 r2727 -- 491]
	at at.lcm.x2c.scope.Scope.isFinished(Scope.java:1598) [Core.jar:jenkins-X2C-edu-491 r2727 -- 491]
	at at.lcm.x2c.scope.Scope$SampleThread.run(Scope.java:650) [Core.jar:jenkins-X2C-edu-491 r2727 -- 491]
	at java.lang.Thread.run(Thread.java:748) [?:1.8.0_202]

2023-03-06 16:33:45,257 19646249 WARN       THROWING[ EXCEPTION ] at.lcm.communication.hardware.Serial 662 fread - throwing java.io.IOException: Timeout
	at at.lcm.communication.hardware.Serial.fread(Serial.java:662) [Hardware.jar:local rlocal -- 2021-07-21 11:31:06]
	at at.lcm.communication.hardware.Serial.fread(Serial.java:643) [Hardware.jar:local rlocal -- 2021-07-21 11:31:06]
	at at.lcm.x2c.communication.protocol.LNetV6.fread(LNetV6.java:1160) [Core.jar:jenkins-X2C-edu-491 r2727 -- 491]
	at at.lcm.x2c.communication.protocol.LNetV6.communicate(LNetV6.java:2002) [Core.jar:jenkins-X2C-edu-491 r2727 -- 491]
	at at.lcm.x2c.communication.protocol.LNetV6.loadParameter(LNetV6.java:2116) [Core.jar:jenkins-X2C-edu-491 r2727 -- 491]
	at at.lcm.x2c.communication.protocol.LNetV6.loadParameter(LNetV6.java:2079) [Core.jar:jenkins-X2C-edu-491 r2727 -- 491]
	at at.lcm.x2c.scope.Scope.getState(Scope.java:428) [Core.jar:jenkins-X2C-edu-491 r2727 -- 491]
	at at.lcm.x2c.scope.Scope.isFinished(Scope.java:1598) [Core.jar:jenkins-X2C-edu-491 r2727 -- 491]
	at at.lcm.x2c.scope.Scope$SampleThread.run(Scope.java:650) [Core.jar:jenkins-X2C-edu-491 r2727 -- 491]
	at java.lang.Thread.run(Thread.java:748) [?:1.8.0_202]

2023-03-06 16:54:45,828 20906820 WARN       THROWING[ EXCEPTION ] at.lcm.communication.hardware.Serial 662 fread - throwing java.io.IOException: Timeout
	at at.lcm.communication.hardware.Serial.fread(Serial.java:662) [Hardware.jar:local rlocal -- 2021-07-21 11:31:06]
	at at.lcm.communication.hardware.Serial.fread(Serial.java:643) [Hardware.jar:local rlocal -- 2021-07-21 11:31:06]
	at at.lcm.x2c.communication.protocol.LNetV6.fread(LNetV6.java:1160) [Core.jar:jenkins-X2C-edu-491 r2727 -- 491]
	at at.lcm.x2c.communication.protocol.LNetV6.communicate(LNetV6.java:2002) [Core.jar:jenkins-X2C-edu-491 r2727 -- 491]
	at at.lcm.x2c.communication.protocol.LNetV6.getBlock(LNetV6.java:761) [Core.jar:jenkins-X2C-edu-491 r2727 -- 491]
	at at.lcm.x2c.communication.protocol.LNetV6.getRAMBlock8Bit(LNetV6.java:550) [Core.jar:jenkins-X2C-edu-491 r2727 -- 491]
	at at.lcm.x2c.scope.Scope.addDspData2ChannelData(Scope.java:724) [Core.jar:jenkins-X2C-edu-491 r2727 -- 491]
	at at.lcm.x2c.scope.Scope.updateSamplingData(Scope.java:1616) [Core.jar:jenkins-X2C-edu-491 r2727 -- 491]
	at at.lcm.x2c.scope.Scope$SampleThread.run(Scope.java:652) [Core.jar:jenkins-X2C-edu-491 r2727 -- 491]
	at java.lang.Thread.run(Thread.java:748) [?:1.8.0_202]

2023-03-06 16:54:46,953 20907945 WARN       THROWING[ EXCEPTION ] at.lcm.communication.hardware.Serial 662 fread - throwing java.io.IOException: Timeout
	at at.lcm.communication.hardware.Serial.fread(Serial.java:662) [Hardware.jar:local rlocal -- 2021-07-21 11:31:06]
	at at.lcm.communication.hardware.Serial.fread(Serial.java:643) [Hardware.jar:local rlocal -- 2021-07-21 11:31:06]
	at at.lcm.x2c.communication.protocol.LNetV6.fread(LNetV6.java:1160) [Core.jar:jenkins-X2C-edu-491 r2727 -- 491]
	at at.lcm.x2c.communication.protocol.LNetV6.communicate(LNetV6.java:2002) [Core.jar:jenkins-X2C-edu-491 r2727 -- 491]
	at at.lcm.x2c.communication.protocol.LNetV6.loadParameter(LNetV6.java:2116) [Core.jar:jenkins-X2C-edu-491 r2727 -- 491]
	at at.lcm.x2c.communication.protocol.LNetV6.loadParameter(LNetV6.java:2079) [Core.jar:jenkins-X2C-edu-491 r2727 -- 491]
	at at.lcm.x2c.scope.Scope.getState(Scope.java:428) [Core.jar:jenkins-X2C-edu-491 r2727 -- 491]
	at at.lcm.x2c.scope.Scope.isFinished(Scope.java:1598) [Core.jar:jenkins-X2C-edu-491 r2727 -- 491]
	at at.lcm.x2c.scope.Scope$SampleThread.run(Scope.java:650) [Core.jar:jenkins-X2C-edu-491 r2727 -- 491]
	at java.lang.Thread.run(Thread.java:748) [?:1.8.0_202]

2023-03-06 16:54:48,078 20909070 WARN       THROWING[ EXCEPTION ] at.lcm.communication.hardware.Serial 662 fread - throwing java.io.IOException: Timeout
	at at.lcm.communication.hardware.Serial.fread(Serial.java:662) [Hardware.jar:local rlocal -- 2021-07-21 11:31:06]
	at at.lcm.communication.hardware.Serial.fread(Serial.java:643) [Hardware.jar:local rlocal -- 2021-07-21 11:31:06]
	at at.lcm.x2c.communication.protocol.LNetV6.fread(LNetV6.java:1160) [Core.jar:jenkins-X2C-edu-491 r2727 -- 491]
	at at.lcm.x2c.communication.protocol.LNetV6.communicate(LNetV6.java:2002) [Core.jar:jenkins-X2C-edu-491 r2727 -- 491]
	at at.lcm.x2c.communication.protocol.LNetV6.loadParameter(LNetV6.java:2116) [Core.jar:jenkins-X2C-edu-491 r2727 -- 491]
	at at.lcm.x2c.communication.protocol.LNetV6.loadParameter(LNetV6.java:2079) [Core.jar:jenkins-X2C-edu-491 r2727 -- 491]
	at at.lcm.x2c.scope.Scope.getState(Scope.java:428) [Core.jar:jenkins-X2C-edu-491 r2727 -- 491]
	at at.lcm.x2c.scope.Scope.isFinished(Scope.java:1598) [Core.jar:jenkins-X2C-edu-491 r2727 -- 491]
	at at.lcm.x2c.scope.Scope$SampleThread.run(Scope.java:650) [Core.jar:jenkins-X2C-edu-491 r2727 -- 491]
	at java.lang.Thread.run(Thread.java:748) [?:1.8.0_202]

2023-03-06 16:54:49,203 20910195 WARN       THROWING[ EXCEPTION ] at.lcm.communication.hardware.Serial 662 fread - throwing java.io.IOException: Timeout
	at at.lcm.communication.hardware.Serial.fread(Serial.java:662) [Hardware.jar:local rlocal -- 2021-07-21 11:31:06]
	at at.lcm.communication.hardware.Serial.fread(Serial.java:643) [Hardware.jar:local rlocal -- 2021-07-21 11:31:06]
	at at.lcm.x2c.communication.protocol.LNetV6.fread(LNetV6.java:1160) [Core.jar:jenkins-X2C-edu-491 r2727 -- 491]
	at at.lcm.x2c.communication.protocol.LNetV6.communicate(LNetV6.java:2002) [Core.jar:jenkins-X2C-edu-491 r2727 -- 491]
	at at.lcm.x2c.communication.protocol.LNetV6.loadParameter(LNetV6.java:2116) [Core.jar:jenkins-X2C-edu-491 r2727 -- 491]
	at at.lcm.x2c.communication.protocol.LNetV6.loadParameter(LNetV6.java:2079) [Core.jar:jenkins-X2C-edu-491 r2727 -- 491]
	at at.lcm.x2c.scope.Scope.getState(Scope.java:428) [Core.jar:jenkins-X2C-edu-491 r2727 -- 491]
	at at.lcm.x2c.scope.Scope.isFinished(Scope.java:1598) [Core.jar:jenkins-X2C-edu-491 r2727 -- 491]
	at at.lcm.x2c.scope.Scope$SampleThread.run(Scope.java:650) [Core.jar:jenkins-X2C-edu-491 r2727 -- 491]
	at java.lang.Thread.run(Thread.java:748) [?:1.8.0_202]

2023-03-06 16:59:52,796 21213788 WARN       THROWING[ EXCEPTION ] at.lcm.communication.hardware.Serial 662 fread - throwing java.io.IOException: Timeout
	at at.lcm.communication.hardware.Serial.fread(Serial.java:662) [Hardware.jar:local rlocal -- 2021-07-21 11:31:06]
	at at.lcm.communication.hardware.Serial.fread(Serial.java:643) [Hardware.jar:local rlocal -- 2021-07-21 11:31:06]
	at at.lcm.x2c.communication.protocol.LNetV6.fread(LNetV6.java:1160) [Core.jar:jenkins-X2C-edu-491 r2727 -- 491]
	at at.lcm.x2c.communication.protocol.LNetV6.communicate(LNetV6.java:2002) [Core.jar:jenkins-X2C-edu-491 r2727 -- 491]
	at at.lcm.x2c.communication.protocol.LNetV6.getBlock(LNetV6.java:761) [Core.jar:jenkins-X2C-edu-491 r2727 -- 491]
	at at.lcm.x2c.communication.protocol.LNetV6.getRAMBlock8Bit(LNetV6.java:550) [Core.jar:jenkins-X2C-edu-491 r2727 -- 491]
	at at.lcm.x2c.scope.Scope.addDspData2ChannelData(Scope.java:724) [Core.jar:jenkins-X2C-edu-491 r2727 -- 491]
	at at.lcm.x2c.scope.Scope.updateSamplingData(Scope.java:1616) [Core.jar:jenkins-X2C-edu-491 r2727 -- 491]
	at at.lcm.x2c.scope.Scope$SampleThread.run(Scope.java:652) [Core.jar:jenkins-X2C-edu-491 r2727 -- 491]
	at java.lang.Thread.run(Thread.java:748) [?:1.8.0_202]

2023-03-06 17:02:44,761 21385753 WARN       THROWING[ EXCEPTION ] at.lcm.communication.hardware.Serial 662 fread - throwing java.io.IOException: Timeout
	at at.lcm.communication.hardware.Serial.fread(Serial.java:662) [Hardware.jar:local rlocal -- 2021-07-21 11:31:06]
	at at.lcm.communication.hardware.Serial.fread(Serial.java:643) [Hardware.jar:local rlocal -- 2021-07-21 11:31:06]
	at at.lcm.x2c.communication.protocol.LNetV6.fread(LNetV6.java:1160) [Core.jar:jenkins-X2C-edu-491 r2727 -- 491]
	at at.lcm.x2c.communication.protocol.LNetV6.communicate(LNetV6.java:2002) [Core.jar:jenkins-X2C-edu-491 r2727 -- 491]
	at at.lcm.x2c.communication.protocol.LNetV6.getBlock(LNetV6.java:761) [Core.jar:jenkins-X2C-edu-491 r2727 -- 491]
	at at.lcm.x2c.communication.protocol.LNetV6.getRAMBlock8Bit(LNetV6.java:550) [Core.jar:jenkins-X2C-edu-491 r2727 -- 491]
	at at.lcm.x2c.scope.Scope.addDspData2ChannelData(Scope.java:724) [Core.jar:jenkins-X2C-edu-491 r2727 -- 491]
	at at.lcm.x2c.scope.Scope.updateSamplingData(Scope.java:1616) [Core.jar:jenkins-X2C-edu-491 r2727 -- 491]
	at at.lcm.x2c.scope.Scope$SampleThread.run(Scope.java:652) [Core.jar:jenkins-X2C-edu-491 r2727 -- 491]
	at java.lang.Thread.run(Thread.java:748) [?:1.8.0_202]

2023-03-06 17:02:45,886 21386878 WARN       THROWING[ EXCEPTION ] at.lcm.communication.hardware.Serial 662 fread - throwing java.io.IOException: Timeout
	at at.lcm.communication.hardware.Serial.fread(Serial.java:662) [Hardware.jar:local rlocal -- 2021-07-21 11:31:06]
	at at.lcm.communication.hardware.Serial.fread(Serial.java:643) [Hardware.jar:local rlocal -- 2021-07-21 11:31:06]
	at at.lcm.x2c.communication.protocol.LNetV6.fread(LNetV6.java:1160) [Core.jar:jenkins-X2C-edu-491 r2727 -- 491]
	at at.lcm.x2c.communication.protocol.LNetV6.communicate(LNetV6.java:2002) [Core.jar:jenkins-X2C-edu-491 r2727 -- 491]
	at at.lcm.x2c.communication.protocol.LNetV6.loadParameter(LNetV6.java:2116) [Core.jar:jenkins-X2C-edu-491 r2727 -- 491]
	at at.lcm.x2c.communication.protocol.LNetV6.loadParameter(LNetV6.java:2079) [Core.jar:jenkins-X2C-edu-491 r2727 -- 491]
	at at.lcm.x2c.scope.Scope.getState(Scope.java:428) [Core.jar:jenkins-X2C-edu-491 r2727 -- 491]
	at at.lcm.x2c.scope.Scope.isFinished(Scope.java:1598) [Core.jar:jenkins-X2C-edu-491 r2727 -- 491]
	at at.lcm.x2c.scope.Scope$SampleThread.run(Scope.java:650) [Core.jar:jenkins-X2C-edu-491 r2727 -- 491]
	at java.lang.Thread.run(Thread.java:748) [?:1.8.0_202]

2023-03-06 17:02:47,011 21388003 WARN       THROWING[ EXCEPTION ] at.lcm.communication.hardware.Serial 662 fread - throwing java.io.IOException: Timeout
	at at.lcm.communication.hardware.Serial.fread(Serial.java:662) [Hardware.jar:local rlocal -- 2021-07-21 11:31:06]
	at at.lcm.communication.hardware.Serial.fread(Serial.java:643) [Hardware.jar:local rlocal -- 2021-07-21 11:31:06]
	at at.lcm.x2c.communication.protocol.LNetV6.fread(LNetV6.java:1160) [Core.jar:jenkins-X2C-edu-491 r2727 -- 491]
	at at.lcm.x2c.communication.protocol.LNetV6.communicate(LNetV6.java:2002) [Core.jar:jenkins-X2C-edu-491 r2727 -- 491]
	at at.lcm.x2c.communication.protocol.LNetV6.loadParameter(LNetV6.java:2116) [Core.jar:jenkins-X2C-edu-491 r2727 -- 491]
	at at.lcm.x2c.communication.protocol.LNetV6.loadParameter(LNetV6.java:2079) [Core.jar:jenkins-X2C-edu-491 r2727 -- 491]
	at at.lcm.x2c.scope.Scope.getState(Scope.java:428) [Core.jar:jenkins-X2C-edu-491 r2727 -- 491]
	at at.lcm.x2c.scope.Scope.isFinished(Scope.java:1598) [Core.jar:jenkins-X2C-edu-491 r2727 -- 491]
	at at.lcm.x2c.scope.Scope$SampleThread.run(Scope.java:650) [Core.jar:jenkins-X2C-edu-491 r2727 -- 491]
	at java.lang.Thread.run(Thread.java:748) [?:1.8.0_202]

2023-03-06 17:02:48,122 21389114 WARN       THROWING[ EXCEPTION ] at.lcm.communication.hardware.Serial 662 fread - throwing java.io.IOException: Timeout
	at at.lcm.communication.hardware.Serial.fread(Serial.java:662) [Hardware.jar:local rlocal -- 2021-07-21 11:31:06]
	at at.lcm.communication.hardware.Serial.fread(Serial.java:643) [Hardware.jar:local rlocal -- 2021-07-21 11:31:06]
	at at.lcm.x2c.communication.protocol.LNetV6.fread(LNetV6.java:1160) [Core.jar:jenkins-X2C-edu-491 r2727 -- 491]
	at at.lcm.x2c.communication.protocol.LNetV6.communicate(LNetV6.java:2002) [Core.jar:jenkins-X2C-edu-491 r2727 -- 491]
	at at.lcm.x2c.communication.protocol.LNetV6.loadParameter(LNetV6.java:2116) [Core.jar:jenkins-X2C-edu-491 r2727 -- 491]
	at at.lcm.x2c.communication.protocol.LNetV6.loadParameter(LNetV6.java:2079) [Core.jar:jenkins-X2C-edu-491 r2727 -- 491]
	at at.lcm.x2c.scope.Scope.getState(Scope.java:428) [Core.jar:jenkins-X2C-edu-491 r2727 -- 491]
	at at.lcm.x2c.scope.Scope.isFinished(Scope.java:1598) [Core.jar:jenkins-X2C-edu-491 r2727 -- 491]
	at at.lcm.x2c.scope.Scope$SampleThread.run(Scope.java:650) [Core.jar:jenkins-X2C-edu-491 r2727 -- 491]
	at java.lang.Thread.run(Thread.java:748) [?:1.8.0_202]

2023-03-06 18:02:46,165 24987157 WARN       THROWING[ EXCEPTION ] at.lcm.communication.hardware.Serial 662 fread - throwing java.io.IOException: Timeout
	at at.lcm.communication.hardware.Serial.fread(Serial.java:662) [Hardware.jar:local rlocal -- 2021-07-21 11:31:06]
	at at.lcm.communication.hardware.Serial.fread(Serial.java:643) [Hardware.jar:local rlocal -- 2021-07-21 11:31:06]
	at at.lcm.x2c.communication.protocol.LNetV6.fread(LNetV6.java:1160) [Core.jar:jenkins-X2C-edu-491 r2727 -- 491]
	at at.lcm.x2c.communication.protocol.LNetV6.communicate(LNetV6.java:2002) [Core.jar:jenkins-X2C-edu-491 r2727 -- 491]
	at at.lcm.x2c.communication.protocol.LNetV6.getBlock(LNetV6.java:761) [Core.jar:jenkins-X2C-edu-491 r2727 -- 491]
	at at.lcm.x2c.communication.protocol.LNetV6.getRAMBlock8Bit(LNetV6.java:550) [Core.jar:jenkins-X2C-edu-491 r2727 -- 491]
	at at.lcm.x2c.scope.Scope.addDspData2ChannelData(Scope.java:724) [Core.jar:jenkins-X2C-edu-491 r2727 -- 491]
	at at.lcm.x2c.scope.Scope.updateSamplingData(Scope.java:1616) [Core.jar:jenkins-X2C-edu-491 r2727 -- 491]
	at at.lcm.x2c.scope.Scope$SampleThread.run(Scope.java:652) [Core.jar:jenkins-X2C-edu-491 r2727 -- 491]
	at java.lang.Thread.run(Thread.java:748) [?:1.8.0_202]

2023-03-06 18:02:47,288 24988280 WARN       THROWING[ EXCEPTION ] at.lcm.communication.hardware.Serial 662 fread - throwing java.io.IOException: Timeout
	at at.lcm.communication.hardware.Serial.fread(Serial.java:662) [Hardware.jar:local rlocal -- 2021-07-21 11:31:06]
	at at.lcm.communication.hardware.Serial.fread(Serial.java:643) [Hardware.jar:local rlocal -- 2021-07-21 11:31:06]
	at at.lcm.x2c.communication.protocol.LNetV6.fread(LNetV6.java:1160) [Core.jar:jenkins-X2C-edu-491 r2727 -- 491]
	at at.lcm.x2c.communication.protocol.LNetV6.communicate(LNetV6.java:2002) [Core.jar:jenkins-X2C-edu-491 r2727 -- 491]
	at at.lcm.x2c.communication.protocol.LNetV6.loadParameter(LNetV6.java:2116) [Core.jar:jenkins-X2C-edu-491 r2727 -- 491]
	at at.lcm.x2c.communication.protocol.LNetV6.loadParameter(LNetV6.java:2079) [Core.jar:jenkins-X2C-edu-491 r2727 -- 491]
	at at.lcm.x2c.scope.Scope.getState(Scope.java:428) [Core.jar:jenkins-X2C-edu-491 r2727 -- 491]
	at at.lcm.x2c.scope.Scope.isFinished(Scope.java:1598) [Core.jar:jenkins-X2C-edu-491 r2727 -- 491]
	at at.lcm.x2c.scope.Scope$SampleThread.run(Scope.java:650) [Core.jar:jenkins-X2C-edu-491 r2727 -- 491]
	at java.lang.Thread.run(Thread.java:748) [?:1.8.0_202]

2023-03-06 18:02:48,402 24989394 WARN       THROWING[ EXCEPTION ] at.lcm.communication.hardware.Serial 662 fread - throwing java.io.IOException: Timeout
	at at.lcm.communication.hardware.Serial.fread(Serial.java:662) [Hardware.jar:local rlocal -- 2021-07-21 11:31:06]
	at at.lcm.communication.hardware.Serial.fread(Serial.java:643) [Hardware.jar:local rlocal -- 2021-07-21 11:31:06]
	at at.lcm.x2c.communication.protocol.LNetV6.fread(LNetV6.java:1160) [Core.jar:jenkins-X2C-edu-491 r2727 -- 491]
	at at.lcm.x2c.communication.protocol.LNetV6.communicate(LNetV6.java:2002) [Core.jar:jenkins-X2C-edu-491 r2727 -- 491]
	at at.lcm.x2c.communication.protocol.LNetV6.loadParameter(LNetV6.java:2116) [Core.jar:jenkins-X2C-edu-491 r2727 -- 491]
	at at.lcm.x2c.communication.protocol.LNetV6.loadParameter(LNetV6.java:2079) [Core.jar:jenkins-X2C-edu-491 r2727 -- 491]
	at at.lcm.x2c.scope.Scope.getState(Scope.java:428) [Core.jar:jenkins-X2C-edu-491 r2727 -- 491]
	at at.lcm.x2c.scope.Scope.isFinished(Scope.java:1598) [Core.jar:jenkins-X2C-edu-491 r2727 -- 491]
	at at.lcm.x2c.scope.Scope$SampleThread.run(Scope.java:650) [Core.jar:jenkins-X2C-edu-491 r2727 -- 491]
	at java.lang.Thread.run(Thread.java:748) [?:1.8.0_202]

2023-03-06 18:02:49,514 24990506 WARN       THROWING[ EXCEPTION ] at.lcm.communication.hardware.Serial 662 fread - throwing java.io.IOException: Timeout
	at at.lcm.communication.hardware.Serial.fread(Serial.java:662) [Hardware.jar:local rlocal -- 2021-07-21 11:31:06]
	at at.lcm.communication.hardware.Serial.fread(Serial.java:643) [Hardware.jar:local rlocal -- 2021-07-21 11:31:06]
	at at.lcm.x2c.communication.protocol.LNetV6.fread(LNetV6.java:1160) [Core.jar:jenkins-X2C-edu-491 r2727 -- 491]
	at at.lcm.x2c.communication.protocol.LNetV6.communicate(LNetV6.java:2002) [Core.jar:jenkins-X2C-edu-491 r2727 -- 491]
	at at.lcm.x2c.communication.protocol.LNetV6.loadParameter(LNetV6.java:2116) [Core.jar:jenkins-X2C-edu-491 r2727 -- 491]
	at at.lcm.x2c.communication.protocol.LNetV6.loadParameter(LNetV6.java:2079) [Core.jar:jenkins-X2C-edu-491 r2727 -- 491]
	at at.lcm.x2c.scope.Scope.getState(Scope.java:428) [Core.jar:jenkins-X2C-edu-491 r2727 -- 491]
	at at.lcm.x2c.scope.Scope.isFinished(Scope.java:1598) [Core.jar:jenkins-X2C-edu-491 r2727 -- 491]
	at at.lcm.x2c.scope.Scope$SampleThread.run(Scope.java:650) [Core.jar:jenkins-X2C-edu-491 r2727 -- 491]
	at java.lang.Thread.run(Thread.java:748) [?:1.8.0_202]

2023-03-06 18:51:06,452 27887444 WARN       THROWING[ EXCEPTION ] at.lcm.communication.hardware.Serial 662 fread - throwing java.io.IOException: Timeout
	at at.lcm.communication.hardware.Serial.fread(Serial.java:662) [Hardware.jar:local rlocal -- 2021-07-21 11:31:06]
	at at.lcm.communication.hardware.Serial.fread(Serial.java:643) [Hardware.jar:local rlocal -- 2021-07-21 11:31:06]
	at at.lcm.x2c.communication.protocol.LNetV6.fread(LNetV6.java:1160) [Core.jar:jenkins-X2C-edu-491 r2727 -- 491]
	at at.lcm.x2c.communication.protocol.LNetV6.communicate(LNetV6.java:2002) [Core.jar:jenkins-X2C-edu-491 r2727 -- 491]
	at at.lcm.x2c.communication.protocol.LNetV6.saveParameter(LNetV6.java:2073) [Core.jar:jenkins-X2C-edu-491 r2727 -- 491]
	at at.lcm.x2c.communication.protocol.LNetV6.saveParameter(LNetV6.java:2030) [Core.jar:jenkins-X2C-edu-491 r2727 -- 491]
	at at.lcm.x2c.core.structure.ControlBlock.downloadImplementationData(ControlBlock.java:1465) [Core.jar:jenkins-X2C-edu-491 r2727 -- 491]
	at at.lcm.x2c.core.structure.ControlBlock.transferBlockData(ControlBlock.java:1275) [Core.jar:jenkins-X2C-edu-491 r2727 -- 491]
	at at.lcm.x2c.core.structure.ControlBlock.downloadBlockData(ControlBlock.java:1224) [Core.jar:jenkins-X2C-edu-491 r2727 -- 491]

2023-03-07 17:30:25,873 5952126 WARN       THROWING[ EXCEPTION ] at.lcm.communication.hardware.Serial 662 fread - throwing java.io.IOException: Timeout
	at at.lcm.communication.hardware.Serial.fread(Serial.java:662) [Hardware.jar:local rlocal -- 2021-07-21 11:31:06]
	at at.lcm.communication.hardware.Serial.fread(Serial.java:643) [Hardware.jar:local rlocal -- 2021-07-21 11:31:06]
	at at.lcm.x2c.communication.protocol.LNetV6.fread(LNetV6.java:1160) [Core.jar:jenkins-X2C-edu-491 r2727 -- 491]
	at at.lcm.x2c.communication.protocol.LNetV6.communicate(LNetV6.java:2002) [Core.jar:jenkins-X2C-edu-491 r2727 -- 491]
	at at.lcm.x2c.communication.protocol.LNetV6.loadParameter(LNetV6.java:2116) [Core.jar:jenkins-X2C-edu-491 r2727 -- 491]
	at at.lcm.x2c.communication.protocol.LNetV6.loadParameter(LNetV6.java:2079) [Core.jar:jenkins-X2C-edu-491 r2727 -- 491]
	at at.lcm.x2c.scope.Scope.getState(Scope.java:428) [Core.jar:jenkins-X2C-edu-491 r2727 -- 491]
	at at.lcm.x2c.scope.Scope.isFinished(Scope.java:1598) [Core.jar:jenkins-X2C-edu-491 r2727 -- 491]
	at at.lcm.x2c.scope.Scope$SampleThread.run(Scope.java:650) [Core.jar:jenkins-X2C-edu-491 r2727 -- 491]
	at java.lang.Thread.run(Thread.java:748) [?:1.8.0_202]

2023-03-07 17:30:27,409 5953662 WARN       THROWING[ EXCEPTION ] at.lcm.communication.hardware.Serial 662 fread - throwing java.io.IOException: Timeout
	at at.lcm.communication.hardware.Serial.fread(Serial.java:662) [Hardware.jar:local rlocal -- 2021-07-21 11:31:06]
	at at.lcm.communication.hardware.Serial.fread(Serial.java:643) [Hardware.jar:local rlocal -- 2021-07-21 11:31:06]
	at at.lcm.x2c.communication.protocol.LNetV6.fread(LNetV6.java:1160) [Core.jar:jenkins-X2C-edu-491 r2727 -- 491]
	at at.lcm.x2c.communication.protocol.LNetV6.communicate(LNetV6.java:2002) [Core.jar:jenkins-X2C-edu-491 r2727 -- 491]
	at at.lcm.x2c.communication.protocol.LNetV6.loadParameter(LNetV6.java:2116) [Core.jar:jenkins-X2C-edu-491 r2727 -- 491]
	at at.lcm.x2c.communication.protocol.LNetV6.loadParameter(LNetV6.java:2079) [Core.jar:jenkins-X2C-edu-491 r2727 -- 491]
	at at.lcm.x2c.scope.Scope.getState(Scope.java:428) [Core.jar:jenkins-X2C-edu-491 r2727 -- 491]
	at at.lcm.x2c.scope.Scope.isFinished(Scope.java:1598) [Core.jar:jenkins-X2C-edu-491 r2727 -- 491]
	at at.lcm.x2c.scope.Scope$SampleThread.run(Scope.java:650) [Core.jar:jenkins-X2C-edu-491 r2727 -- 491]
	at java.lang.Thread.run(Thread.java:748) [?:1.8.0_202]

2023-03-07 17:30:28,521 5954774 WARN       THROWING[ EXCEPTION ] at.lcm.communication.hardware.Serial 662 fread - throwing java.io.IOException: Timeout
	at at.lcm.communication.hardware.Serial.fread(Serial.java:662) [Hardware.jar:local rlocal -- 2021-07-21 11:31:06]
	at at.lcm.communication.hardware.Serial.fread(Serial.java:643) [Hardware.jar:local rlocal -- 2021-07-21 11:31:06]
	at at.lcm.x2c.communication.protocol.LNetV6.fread(LNetV6.java:1160) [Core.jar:jenkins-X2C-edu-491 r2727 -- 491]
	at at.lcm.x2c.communication.protocol.LNetV6.communicate(LNetV6.java:2002) [Core.jar:jenkins-X2C-edu-491 r2727 -- 491]
	at at.lcm.x2c.communication.protocol.LNetV6.loadParameter(LNetV6.java:2116) [Core.jar:jenkins-X2C-edu-491 r2727 -- 491]
	at at.lcm.x2c.communication.protocol.LNetV6.loadParameter(LNetV6.java:2079) [Core.jar:jenkins-X2C-edu-491 r2727 -- 491]
	at at.lcm.x2c.scope.Scope.getState(Scope.java:428) [Core.jar:jenkins-X2C-edu-491 r2727 -- 491]
	at at.lcm.x2c.scope.Scope.isFinished(Scope.java:1598) [Core.jar:jenkins-X2C-edu-491 r2727 -- 491]
	at at.lcm.x2c.scope.Scope$SampleThread.run(Scope.java:650) [Core.jar:jenkins-X2C-edu-491 r2727 -- 491]
	at java.lang.Thread.run(Thread.java:748) [?:1.8.0_202]

2023-03-07 17:30:29,528 5955781 WARN       THROWING[ EXCEPTION ] at.lcm.communication.hardware.Serial 662 fread - throwing java.io.IOException: Timeout
	at at.lcm.communication.hardware.Serial.fread(Serial.java:662) [Hardware.jar:local rlocal -- 2021-07-21 11:31:06]
	at at.lcm.communication.hardware.Serial.fread(Serial.java:643) [Hardware.jar:local rlocal -- 2021-07-21 11:31:06]
	at at.lcm.x2c.communication.protocol.LNetV6.fread(LNetV6.java:1160) [Core.jar:jenkins-X2C-edu-491 r2727 -- 491]
	at at.lcm.x2c.communication.protocol.LNetV6.communicate(LNetV6.java:2002) [Core.jar:jenkins-X2C-edu-491 r2727 -- 491]
	at at.lcm.x2c.communication.protocol.LNetV6.saveParameter(LNetV6.java:2073) [Core.jar:jenkins-X2C-edu-491 r2727 -- 491]
	at at.lcm.x2c.communication.protocol.LNetV6.saveParameter(LNetV6.java:2030) [Core.jar:jenkins-X2C-edu-491 r2727 -- 491]
	at at.lcm.x2c.core.structure.ControlBlock.downloadImplementationData(ControlBlock.java:1465) [Core.jar:jenkins-X2C-edu-491 r2727 -- 491]
	at at.lcm.x2c.core.structure.ControlBlock.transferBlockData(ControlBlock.java:1275) [Core.jar:jenkins-X2C-edu-491 r2727 -- 491]
	at at.lcm.x2c.core.structure.ControlBlock.downloadBlockData(ControlBlock.java:1224) [Core.jar:jenkins-X2C-edu-491 r2727 -- 491]

2023-03-07 17:30:30,534 5956787 WARN       THROWING[ EXCEPTION ] at.lcm.communication.hardware.Serial 662 fread - throwing java.io.IOException: Timeout
	at at.lcm.communication.hardware.Serial.fread(Serial.java:662) [Hardware.jar:local rlocal -- 2021-07-21 11:31:06]
	at at.lcm.communication.hardware.Serial.fread(Serial.java:643) [Hardware.jar:local rlocal -- 2021-07-21 11:31:06]
	at at.lcm.x2c.communication.protocol.LNetV6.fread(LNetV6.java:1160) [Core.jar:jenkins-X2C-edu-491 r2727 -- 491]
	at at.lcm.x2c.communication.protocol.LNetV6.communicate(LNetV6.java:2002) [Core.jar:jenkins-X2C-edu-491 r2727 -- 491]
	at at.lcm.x2c.communication.protocol.LNetV6.loadParameter(LNetV6.java:2116) [Core.jar:jenkins-X2C-edu-491 r2727 -- 491]
	at at.lcm.x2c.communication.protocol.LNetV6.loadParameter(LNetV6.java:2079) [Core.jar:jenkins-X2C-edu-491 r2727 -- 491]
	at at.lcm.x2c.scope.Scope.getState(Scope.java:428) [Core.jar:jenkins-X2C-edu-491 r2727 -- 491]
	at at.lcm.x2c.scope.Scope.isFinished(Scope.java:1598) [Core.jar:jenkins-X2C-edu-491 r2727 -- 491]
	at at.lcm.x2c.scope.Scope$SampleThread.run(Scope.java:650) [Core.jar:jenkins-X2C-edu-491 r2727 -- 491]
	at java.lang.Thread.run(Thread.java:748) [?:1.8.0_202]

2023-03-07 17:52:31,217 7277470 WARN       THROWING[ EXCEPTION ] at.lcm.communication.hardware.Serial 662 fread - throwing java.io.IOException: Timeout
	at at.lcm.communication.hardware.Serial.fread(Serial.java:662) [Hardware.jar:local rlocal -- 2021-07-21 11:31:06]
	at at.lcm.communication.hardware.Serial.fread(Serial.java:643) [Hardware.jar:local rlocal -- 2021-07-21 11:31:06]
	at at.lcm.x2c.communication.protocol.LNetV6.fread(LNetV6.java:1160) [Core.jar:jenkins-X2C-edu-491 r2727 -- 491]
	at at.lcm.x2c.communication.protocol.LNetV6.communicate(LNetV6.java:2002) [Core.jar:jenkins-X2C-edu-491 r2727 -- 491]
	at at.lcm.x2c.communication.protocol.LNetV6.loadParameter(LNetV6.java:2116) [Core.jar:jenkins-X2C-edu-491 r2727 -- 491]
	at at.lcm.x2c.communication.protocol.LNetV6.loadParameter(LNetV6.java:2079) [Core.jar:jenkins-X2C-edu-491 r2727 -- 491]
	at at.lcm.x2c.scope.Scope.getState(Scope.java:428) [Core.jar:jenkins-X2C-edu-491 r2727 -- 491]
	at at.lcm.x2c.scope.Scope.isFinished(Scope.java:1598) [Core.jar:jenkins-X2C-edu-491 r2727 -- 491]
	at at.lcm.x2c.scope.Scope$SampleThread.run(Scope.java:650) [Core.jar:jenkins-X2C-edu-491 r2727 -- 491]
	at java.lang.Thread.run(Thread.java:748) [?:1.8.0_202]

2023-03-07 17:52:32,331 7278584 WARN       THROWING[ EXCEPTION ] at.lcm.communication.hardware.Serial 662 fread - throwing java.io.IOException: Timeout
	at at.lcm.communication.hardware.Serial.fread(Serial.java:662) [Hardware.jar:local rlocal -- 2021-07-21 11:31:06]
	at at.lcm.communication.hardware.Serial.fread(Serial.java:643) [Hardware.jar:local rlocal -- 2021-07-21 11:31:06]
	at at.lcm.x2c.communication.protocol.LNetV6.fread(LNetV6.java:1160) [Core.jar:jenkins-X2C-edu-491 r2727 -- 491]
	at at.lcm.x2c.communication.protocol.LNetV6.communicate(LNetV6.java:2002) [Core.jar:jenkins-X2C-edu-491 r2727 -- 491]
	at at.lcm.x2c.communication.protocol.LNetV6.loadParameter(LNetV6.java:2116) [Core.jar:jenkins-X2C-edu-491 r2727 -- 491]
	at at.lcm.x2c.communication.protocol.LNetV6.loadParameter(LNetV6.java:2079) [Core.jar:jenkins-X2C-edu-491 r2727 -- 491]
	at at.lcm.x2c.scope.Scope.getState(Scope.java:428) [Core.jar:jenkins-X2C-edu-491 r2727 -- 491]
	at at.lcm.x2c.scope.Scope.isFinished(Scope.java:1598) [Core.jar:jenkins-X2C-edu-491 r2727 -- 491]
	at at.lcm.x2c.scope.Scope$SampleThread.run(Scope.java:650) [Core.jar:jenkins-X2C-edu-491 r2727 -- 491]
	at java.lang.Thread.run(Thread.java:748) [?:1.8.0_202]

2023-03-07 17:52:33,432 7279685 WARN       THROWING[ EXCEPTION ] at.lcm.communication.hardware.Serial 662 fread - throwing java.io.IOException: Timeout
	at at.lcm.communication.hardware.Serial.fread(Serial.java:662) [Hardware.jar:local rlocal -- 2021-07-21 11:31:06]
	at at.lcm.communication.hardware.Serial.fread(Serial.java:643) [Hardware.jar:local rlocal -- 2021-07-21 11:31:06]
	at at.lcm.x2c.communication.protocol.LNetV6.fread(LNetV6.java:1160) [Core.jar:jenkins-X2C-edu-491 r2727 -- 491]
	at at.lcm.x2c.communication.protocol.LNetV6.communicate(LNetV6.java:2002) [Core.jar:jenkins-X2C-edu-491 r2727 -- 491]
	at at.lcm.x2c.communication.protocol.LNetV6.loadParameter(LNetV6.java:2116) [Core.jar:jenkins-X2C-edu-491 r2727 -- 491]
	at at.lcm.x2c.communication.protocol.LNetV6.loadParameter(LNetV6.java:2079) [Core.jar:jenkins-X2C-edu-491 r2727 -- 491]
	at at.lcm.x2c.scope.Scope.getState(Scope.java:428) [Core.jar:jenkins-X2C-edu-491 r2727 -- 491]
	at at.lcm.x2c.scope.Scope.isFinished(Scope.java:1598) [Core.jar:jenkins-X2C-edu-491 r2727 -- 491]
	at at.lcm.x2c.scope.Scope$SampleThread.run(Scope.java:650) [Core.jar:jenkins-X2C-edu-491 r2727 -- 491]
	at java.lang.Thread.run(Thread.java:748) [?:1.8.0_202]

2023-03-07 17:52:34,509 7280762 WARN       THROWING[ EXCEPTION ] at.lcm.communication.hardware.Serial 662 fread - throwing java.io.IOException: Timeout
	at at.lcm.communication.hardware.Serial.fread(Serial.java:662) [Hardware.jar:local rlocal -- 2021-07-21 11:31:06]
	at at.lcm.communication.hardware.Serial.fread(Serial.java:643) [Hardware.jar:local rlocal -- 2021-07-21 11:31:06]
	at at.lcm.x2c.communication.protocol.LNetV6.fread(LNetV6.java:1160) [Core.jar:jenkins-X2C-edu-491 r2727 -- 491]
	at at.lcm.x2c.communication.protocol.LNetV6.communicate(LNetV6.java:2002) [Core.jar:jenkins-X2C-edu-491 r2727 -- 491]
	at at.lcm.x2c.communication.protocol.LNetV6.saveParameter(LNetV6.java:2073) [Core.jar:jenkins-X2C-edu-491 r2727 -- 491]
	at at.lcm.x2c.communication.protocol.LNetV6.saveParameter(LNetV6.java:2030) [Core.jar:jenkins-X2C-edu-491 r2727 -- 491]
	at at.lcm.x2c.core.structure.ControlBlock.downloadImplementationData(ControlBlock.java:1465) [Core.jar:jenkins-X2C-edu-491 r2727 -- 491]
	at at.lcm.x2c.core.structure.ControlBlock.transferBlockData(ControlBlock.java:1275) [Core.jar:jenkins-X2C-edu-491 r2727 -- 491]
	at at.lcm.x2c.core.structure.ControlBlock.downloadBlockData(ControlBlock.java:1224) [Core.jar:jenkins-X2C-edu-491 r2727 -- 491]

2023-03-07 17:52:35,509 7281762 WARN       THROWING[ EXCEPTION ] at.lcm.communication.hardware.Serial 662 fread - throwing java.io.IOException: Timeout
	at at.lcm.communication.hardware.Serial.fread(Serial.java:662) [Hardware.jar:local rlocal -- 2021-07-21 11:31:06]
	at at.lcm.communication.hardware.Serial.fread(Serial.java:643) [Hardware.jar:local rlocal -- 2021-07-21 11:31:06]
	at at.lcm.x2c.communication.protocol.LNetV6.fread(LNetV6.java:1160) [Core.jar:jenkins-X2C-edu-491 r2727 -- 491]
	at at.lcm.x2c.communication.protocol.LNetV6.communicate(LNetV6.java:2002) [Core.jar:jenkins-X2C-edu-491 r2727 -- 491]
	at at.lcm.x2c.communication.protocol.LNetV6.loadParameter(LNetV6.java:2116) [Core.jar:jenkins-X2C-edu-491 r2727 -- 491]
	at at.lcm.x2c.communication.protocol.LNetV6.loadParameter(LNetV6.java:2079) [Core.jar:jenkins-X2C-edu-491 r2727 -- 491]
	at at.lcm.x2c.scope.Scope.getState(Scope.java:428) [Core.jar:jenkins-X2C-edu-491 r2727 -- 491]
	at at.lcm.x2c.scope.Scope.isFinished(Scope.java:1598) [Core.jar:jenkins-X2C-edu-491 r2727 -- 491]
	at at.lcm.x2c.scope.Scope$SampleThread.run(Scope.java:650) [Core.jar:jenkins-X2C-edu-491 r2727 -- 491]
	at java.lang.Thread.run(Thread.java:748) [?:1.8.0_202]

2023-03-07 17:58:45,956 7652209 WARN       THROWING[ EXCEPTION ] at.lcm.communication.hardware.Serial 662 fread - throwing java.io.IOException: Timeout
	at at.lcm.communication.hardware.Serial.fread(Serial.java:662) [Hardware.jar:local rlocal -- 2021-07-21 11:31:06]
	at at.lcm.communication.hardware.Serial.fread(Serial.java:643) [Hardware.jar:local rlocal -- 2021-07-21 11:31:06]
	at at.lcm.x2c.communication.protocol.LNetV6.fread(LNetV6.java:1160) [Core.jar:jenkins-X2C-edu-491 r2727 -- 491]
	at at.lcm.x2c.communication.protocol.LNetV6.communicate(LNetV6.java:2002) [Core.jar:jenkins-X2C-edu-491 r2727 -- 491]
	at at.lcm.x2c.communication.protocol.LNetV6.getBlock(LNetV6.java:761) [Core.jar:jenkins-X2C-edu-491 r2727 -- 491]
	at at.lcm.x2c.communication.protocol.LNetV6.getRAMBlock8Bit(LNetV6.java:550) [Core.jar:jenkins-X2C-edu-491 r2727 -- 491]
	at at.lcm.x2c.scope.Scope.addDspData2ChannelData(Scope.java:724) [Core.jar:jenkins-X2C-edu-491 r2727 -- 491]
	at at.lcm.x2c.scope.Scope.updateSamplingData(Scope.java:1616) [Core.jar:jenkins-X2C-edu-491 r2727 -- 491]
	at at.lcm.x2c.scope.Scope$SampleThread.run(Scope.java:652) [Core.jar:jenkins-X2C-edu-491 r2727 -- 491]
	at java.lang.Thread.run(Thread.java:748) [?:1.8.0_202]

2023-03-07 17:58:47,077 7653330 WARN       THROWING[ EXCEPTION ] at.lcm.communication.hardware.Serial 662 fread - throwing java.io.IOException: Timeout
	at at.lcm.communication.hardware.Serial.fread(Serial.java:662) [Hardware.jar:local rlocal -- 2021-07-21 11:31:06]
	at at.lcm.communication.hardware.Serial.fread(Serial.java:643) [Hardware.jar:local rlocal -- 2021-07-21 11:31:06]
	at at.lcm.x2c.communication.protocol.LNetV6.fread(LNetV6.java:1160) [Core.jar:jenkins-X2C-edu-491 r2727 -- 491]
	at at.lcm.x2c.communication.protocol.LNetV6.communicate(LNetV6.java:2002) [Core.jar:jenkins-X2C-edu-491 r2727 -- 491]
	at at.lcm.x2c.communication.protocol.LNetV6.loadParameter(LNetV6.java:2116) [Core.jar:jenkins-X2C-edu-491 r2727 -- 491]
	at at.lcm.x2c.communication.protocol.LNetV6.loadParameter(LNetV6.java:2079) [Core.jar:jenkins-X2C-edu-491 r2727 -- 491]
	at at.lcm.x2c.scope.Scope.getState(Scope.java:428) [Core.jar:jenkins-X2C-edu-491 r2727 -- 491]
	at at.lcm.x2c.scope.Scope.isFinished(Scope.java:1598) [Core.jar:jenkins-X2C-edu-491 r2727 -- 491]
	at at.lcm.x2c.scope.Scope$SampleThread.run(Scope.java:650) [Core.jar:jenkins-X2C-edu-491 r2727 -- 491]
	at java.lang.Thread.run(Thread.java:748) [?:1.8.0_202]

2023-03-07 17:58:48,199 7654452 WARN       THROWING[ EXCEPTION ] at.lcm.communication.hardware.Serial 662 fread - throwing java.io.IOException: Timeout
	at at.lcm.communication.hardware.Serial.fread(Serial.java:662) [Hardware.jar:local rlocal -- 2021-07-21 11:31:06]
	at at.lcm.communication.hardware.Serial.fread(Serial.java:643) [Hardware.jar:local rlocal -- 2021-07-21 11:31:06]
	at at.lcm.x2c.communication.protocol.LNetV6.fread(LNetV6.java:1160) [Core.jar:jenkins-X2C-edu-491 r2727 -- 491]
	at at.lcm.x2c.communication.protocol.LNetV6.communicate(LNetV6.java:2002) [Core.jar:jenkins-X2C-edu-491 r2727 -- 491]
	at at.lcm.x2c.communication.protocol.LNetV6.loadParameter(LNetV6.java:2116) [Core.jar:jenkins-X2C-edu-491 r2727 -- 491]
	at at.lcm.x2c.communication.protocol.LNetV6.loadParameter(LNetV6.java:2079) [Core.jar:jenkins-X2C-edu-491 r2727 -- 491]
	at at.lcm.x2c.scope.Scope.getState(Scope.java:428) [Core.jar:jenkins-X2C-edu-491 r2727 -- 491]
	at at.lcm.x2c.scope.Scope.isFinished(Scope.java:1598) [Core.jar:jenkins-X2C-edu-491 r2727 -- 491]
	at at.lcm.x2c.scope.Scope$SampleThread.run(Scope.java:650) [Core.jar:jenkins-X2C-edu-491 r2727 -- 491]
	at java.lang.Thread.run(Thread.java:748) [?:1.8.0_202]

2023-03-07 17:58:49,320 7655573 WARN       THROWING[ EXCEPTION ] at.lcm.communication.hardware.Serial 662 fread - throwing java.io.IOException: Timeout
	at at.lcm.communication.hardware.Serial.fread(Serial.java:662) [Hardware.jar:local rlocal -- 2021-07-21 11:31:06]
	at at.lcm.communication.hardware.Serial.fread(Serial.java:643) [Hardware.jar:local rlocal -- 2021-07-21 11:31:06]
	at at.lcm.x2c.communication.protocol.LNetV6.fread(LNetV6.java:1160) [Core.jar:jenkins-X2C-edu-491 r2727 -- 491]
	at at.lcm.x2c.communication.protocol.LNetV6.communicate(LNetV6.java:2002) [Core.jar:jenkins-X2C-edu-491 r2727 -- 491]
	at at.lcm.x2c.communication.protocol.LNetV6.loadParameter(LNetV6.java:2116) [Core.jar:jenkins-X2C-edu-491 r2727 -- 491]
	at at.lcm.x2c.communication.protocol.LNetV6.loadParameter(LNetV6.java:2079) [Core.jar:jenkins-X2C-edu-491 r2727 -- 491]
	at at.lcm.x2c.scope.Scope.getState(Scope.java:428) [Core.jar:jenkins-X2C-edu-491 r2727 -- 491]
	at at.lcm.x2c.scope.Scope.isFinished(Scope.java:1598) [Core.jar:jenkins-X2C-edu-491 r2727 -- 491]
	at at.lcm.x2c.scope.Scope$SampleThread.run(Scope.java:650) [Core.jar:jenkins-X2C-edu-491 r2727 -- 491]
	at java.lang.Thread.run(Thread.java:748) [?:1.8.0_202]

2023-03-07 19:02:34,903 11481156 WARN       THROWING[ EXCEPTION ] at.lcm.communication.hardware.Serial 662 fread - throwing java.io.IOException: Timeout
	at at.lcm.communication.hardware.Serial.fread(Serial.java:662) [Hardware.jar:local rlocal -- 2021-07-21 11:31:06]
	at at.lcm.communication.hardware.Serial.fread(Serial.java:643) [Hardware.jar:local rlocal -- 2021-07-21 11:31:06]
	at at.lcm.x2c.communication.protocol.LNetV6.fread(LNetV6.java:1160) [Core.jar:jenkins-X2C-edu-491 r2727 -- 491]
	at at.lcm.x2c.communication.protocol.LNetV6.communicate(LNetV6.java:2002) [Core.jar:jenkins-X2C-edu-491 r2727 -- 491]
	at at.lcm.x2c.communication.protocol.LNetV6.getBlock(LNetV6.java:761) [Core.jar:jenkins-X2C-edu-491 r2727 -- 491]
	at at.lcm.x2c.communication.protocol.LNetV6.getRAMBlock8Bit(LNetV6.java:550) [Core.jar:jenkins-X2C-edu-491 r2727 -- 491]
	at at.lcm.x2c.scope.Scope.addDspData2ChannelData(Scope.java:724) [Core.jar:jenkins-X2C-edu-491 r2727 -- 491]
	at at.lcm.x2c.scope.Scope.updateSamplingData(Scope.java:1616) [Core.jar:jenkins-X2C-edu-491 r2727 -- 491]
	at at.lcm.x2c.scope.Scope$SampleThread.run(Scope.java:652) [Core.jar:jenkins-X2C-edu-491 r2727 -- 491]
	at java.lang.Thread.run(Thread.java:748) [?:1.8.0_202]

2023-03-07 19:02:36,004 11482257 WARN       THROWING[ EXCEPTION ] at.lcm.communication.hardware.Serial 662 fread - throwing java.io.IOException: Timeout
	at at.lcm.communication.hardware.Serial.fread(Serial.java:662) [Hardware.jar:local rlocal -- 2021-07-21 11:31:06]
	at at.lcm.communication.hardware.Serial.fread(Serial.java:643) [Hardware.jar:local rlocal -- 2021-07-21 11:31:06]
	at at.lcm.x2c.communication.protocol.LNetV6.fread(LNetV6.java:1160) [Core.jar:jenkins-X2C-edu-491 r2727 -- 491]
	at at.lcm.x2c.communication.protocol.LNetV6.communicate(LNetV6.java:2002) [Core.jar:jenkins-X2C-edu-491 r2727 -- 491]
	at at.lcm.x2c.communication.protocol.LNetV6.loadParameter(LNetV6.java:2116) [Core.jar:jenkins-X2C-edu-491 r2727 -- 491]
	at at.lcm.x2c.communication.protocol.LNetV6.loadParameter(LNetV6.java:2079) [Core.jar:jenkins-X2C-edu-491 r2727 -- 491]
	at at.lcm.x2c.scope.Scope.getState(Scope.java:428) [Core.jar:jenkins-X2C-edu-491 r2727 -- 491]
	at at.lcm.x2c.scope.Scope.isFinished(Scope.java:1598) [Core.jar:jenkins-X2C-edu-491 r2727 -- 491]
	at at.lcm.x2c.scope.Scope$SampleThread.run(Scope.java:650) [Core.jar:jenkins-X2C-edu-491 r2727 -- 491]
	at java.lang.Thread.run(Thread.java:748) [?:1.8.0_202]

2023-03-07 19:02:37,006 11483259 WARN       THROWING[ EXCEPTION ] at.lcm.communication.hardware.Serial 662 fread - throwing java.io.IOException: Timeout
	at at.lcm.communication.hardware.Serial.fread(Serial.java:662) [Hardware.jar:local rlocal -- 2021-07-21 11:31:06]
	at at.lcm.communication.hardware.Serial.fread(Serial.java:643) [Hardware.jar:local rlocal -- 2021-07-21 11:31:06]
	at at.lcm.x2c.communication.protocol.LNetV6.fread(LNetV6.java:1160) [Core.jar:jenkins-X2C-edu-491 r2727 -- 491]
	at at.lcm.x2c.communication.protocol.LNetV6.communicate(LNetV6.java:2002) [Core.jar:jenkins-X2C-edu-491 r2727 -- 491]
	at at.lcm.x2c.communication.protocol.LNetV6.saveParameter(LNetV6.java:2073) [Core.jar:jenkins-X2C-edu-491 r2727 -- 491]
	at at.lcm.x2c.communication.protocol.LNetV6.saveParameter(LNetV6.java:2030) [Core.jar:jenkins-X2C-edu-491 r2727 -- 491]
	at at.lcm.x2c.core.structure.ControlBlock.downloadImplementationData(ControlBlock.java:1465) [Core.jar:jenkins-X2C-edu-491 r2727 -- 491]
	at at.lcm.x2c.core.structure.ControlBlock.transferBlockData(ControlBlock.java:1275) [Core.jar:jenkins-X2C-edu-491 r2727 -- 491]
	at at.lcm.x2c.core.structure.ControlBlock.downloadBlockData(ControlBlock.java:1224) [Core.jar:jenkins-X2C-edu-491 r2727 -- 491]

2023-03-07 19:02:38,007 11484260 WARN       THROWING[ EXCEPTION ] at.lcm.communication.hardware.Serial 662 fread - throwing java.io.IOException: Timeout
	at at.lcm.communication.hardware.Serial.fread(Serial.java:662) [Hardware.jar:local rlocal -- 2021-07-21 11:31:06]
	at at.lcm.communication.hardware.Serial.fread(Serial.java:643) [Hardware.jar:local rlocal -- 2021-07-21 11:31:06]
	at at.lcm.x2c.communication.protocol.LNetV6.fread(LNetV6.java:1160) [Core.jar:jenkins-X2C-edu-491 r2727 -- 491]
	at at.lcm.x2c.communication.protocol.LNetV6.communicate(LNetV6.java:2002) [Core.jar:jenkins-X2C-edu-491 r2727 -- 491]
	at at.lcm.x2c.communication.protocol.LNetV6.loadParameter(LNetV6.java:2116) [Core.jar:jenkins-X2C-edu-491 r2727 -- 491]
	at at.lcm.x2c.communication.protocol.LNetV6.loadParameter(LNetV6.java:2079) [Core.jar:jenkins-X2C-edu-491 r2727 -- 491]
	at at.lcm.x2c.scope.Scope.getState(Scope.java:428) [Core.jar:jenkins-X2C-edu-491 r2727 -- 491]
	at at.lcm.x2c.scope.Scope.isFinished(Scope.java:1598) [Core.jar:jenkins-X2C-edu-491 r2727 -- 491]
	at at.lcm.x2c.scope.Scope$SampleThread.run(Scope.java:650) [Core.jar:jenkins-X2C-edu-491 r2727 -- 491]
	at java.lang.Thread.run(Thread.java:748) [?:1.8.0_202]

2023-03-07 19:02:39,126 11485379 WARN       THROWING[ EXCEPTION ] at.lcm.communication.hardware.Serial 662 fread - throwing java.io.IOException: Timeout
	at at.lcm.communication.hardware.Serial.fread(Serial.java:662) [Hardware.jar:local rlocal -- 2021-07-21 11:31:06]
	at at.lcm.communication.hardware.Serial.fread(Serial.java:643) [Hardware.jar:local rlocal -- 2021-07-21 11:31:06]
	at at.lcm.x2c.communication.protocol.LNetV6.fread(LNetV6.java:1160) [Core.jar:jenkins-X2C-edu-491 r2727 -- 491]
	at at.lcm.x2c.communication.protocol.LNetV6.communicate(LNetV6.java:2002) [Core.jar:jenkins-X2C-edu-491 r2727 -- 491]
	at at.lcm.x2c.communication.protocol.LNetV6.loadParameter(LNetV6.java:2116) [Core.jar:jenkins-X2C-edu-491 r2727 -- 491]
	at at.lcm.x2c.communication.protocol.LNetV6.loadParameter(LNetV6.java:2079) [Core.jar:jenkins-X2C-edu-491 r2727 -- 491]
	at at.lcm.x2c.scope.Scope.getState(Scope.java:428) [Core.jar:jenkins-X2C-edu-491 r2727 -- 491]
	at at.lcm.x2c.scope.Scope.isFinished(Scope.java:1598) [Core.jar:jenkins-X2C-edu-491 r2727 -- 491]
	at at.lcm.x2c.scope.Scope$SampleThread.run(Scope.java:650) [Core.jar:jenkins-X2C-edu-491 r2727 -- 491]
	at java.lang.Thread.run(Thread.java:748) [?:1.8.0_202]

2023-03-07 19:02:42,952 11489205 WARN       THROWING[ EXCEPTION ] at.lcm.communication.hardware.Serial 662 fread - throwing java.io.IOException: Timeout
	at at.lcm.communication.hardware.Serial.fread(Serial.java:662) [Hardware.jar:local rlocal -- 2021-07-21 11:31:06]
	at at.lcm.communication.hardware.Serial.fread(Serial.java:643) [Hardware.jar:local rlocal -- 2021-07-21 11:31:06]
	at at.lcm.x2c.communication.protocol.LNetV6.fread(LNetV6.java:1160) [Core.jar:jenkins-X2C-edu-491 r2727 -- 491]
	at at.lcm.x2c.communication.protocol.LNetV6.communicate(LNetV6.java:2002) [Core.jar:jenkins-X2C-edu-491 r2727 -- 491]
	at at.lcm.x2c.communication.protocol.LNetV6.saveParameter(LNetV6.java:2073) [Core.jar:jenkins-X2C-edu-491 r2727 -- 491]
	at at.lcm.x2c.communication.protocol.LNetV6.saveParameter(LNetV6.java:2030) [Core.jar:jenkins-X2C-edu-491 r2727 -- 491]
	at at.lcm.x2c.scope.Scope.downloadConfig(Scope.java:277) [Core.jar:jenkins-X2C-edu-491 r2727 -- 491]
	at at.lcm.x2c.scope.Scope.writeConfig(Scope.java:266) [Core.jar:jenkins-X2C-edu-491 r2727 -- 491]
	at at.lcm.x2c.scope.Scope.startSampling(Scope.java:578) [Core.jar:jenkins-X2C-edu-491 r2727 -- 491]
	at at.lcm.x2c.gui.scope.samplecontrol.SampleThread.doInBackground(SampleThread.java:44) [Communicator.jar:jenkins-X2C-edu-491 r2727 -- 491]
	at at.lcm.x2c.gui.scope.samplecontrol.SampleThread.doInBackground(SampleThread.java:26) [Communicator.jar:jenkins-X2C-edu-491 r2727 -- 491]
	at javax.swing.SwingWorker$1.call(SwingWorker.java:295) [?:1.8.0_202]
	at java.util.concurrent.FutureTask.run(FutureTask.java:266) [?:1.8.0_202]
	at javax.swing.SwingWorker.run(SwingWorker.java:334) [?:1.8.0_202]
	at java.util.concurrent.ThreadPoolExecutor.runWorker(ThreadPoolExecutor.java:1149) [?:1.8.0_202]
	at java.util.concurrent.ThreadPoolExecutor$Worker.run(ThreadPoolExecutor.java:624) [?:1.8.0_202]
	at java.lang.Thread.run(Thread.java:748) [?:1.8.0_202]

2023-04-19 14:07:28,735 274734 WARN       THROWING[ EXCEPTION ] at.lcm.communication.hardware.Serial 662 fread - throwing java.io.IOException: Timeout
	at at.lcm.communication.hardware.Serial.fread(Serial.java:662) [Hardware.jar:local rlocal -- 2021-07-21 11:31:06]
	at at.lcm.communication.hardware.Serial.fread(Serial.java:643) [Hardware.jar:local rlocal -- 2021-07-21 11:31:06]
	at at.lcm.x2c.communication.protocol.LNetV6.fread(LNetV6.java:1160) [Core.jar:jenkins-X2C-edu-491 r2727 -- 491]
	at at.lcm.x2c.communication.protocol.LNetV6.communicate(LNetV6.java:2002) [Core.jar:jenkins-X2C-edu-491 r2727 -- 491]
	at at.lcm.x2c.communication.protocol.LNetV6.getDeviceInfo(LNetV6.java:386) [Core.jar:jenkins-X2C-edu-491 r2727 -- 491]
	at at.lcm.x2c.communication.protocol.LNetV6.fopen(LNetV6.java:282) [Core.jar:jenkins-X2C-edu-491 r2727 -- 491]
	at at.lcm.x2c.communication.protocol.ProtocolFactory.connect(ProtocolFactory.java:134) [Core.jar:jenkins-X2C-edu-491 r2727 -- 491]
	at at.lcm.x2c.communication.protocol.CommunicatorHelper.connectLNet(CommunicatorHelper.java:62) [Core.jar:jenkins-X2C-edu-491 r2727 -- 491]
	at at.lcm.x2c.gui.communicator.ProtocolPanel.connect(ProtocolPanel.java:157) [Communicator.jar:jenkins-X2C-edu-491 r2727 -- 491]
	at at.lcm.x2c.gui.communicator.Communicator$41.doInBackground(Communicator.java:1771) [Communicator.jar:jenkins-X2C-edu-491 r2727 -- 491]
	at at.lcm.x2c.gui.communicator.Communicator$41.doInBackground(Communicator.java:1765) [Communicator.jar:jenkins-X2C-edu-491 r2727 -- 491]
	at javax.swing.SwingWorker$1.call(SwingWorker.java:295) [?:1.8.0_202]
	at java.util.concurrent.FutureTask.run(FutureTask.java:266) [?:1.8.0_202]
	at javax.swing.SwingWorker.run(SwingWorker.java:334) [?:1.8.0_202]
	at java.util.concurrent.ThreadPoolExecutor.runWorker(ThreadPoolExecutor.java:1149) [?:1.8.0_202]
	at java.util.concurrent.ThreadPoolExecutor$Worker.run(ThreadPoolExecutor.java:624) [?:1.8.0_202]
	at java.lang.Thread.run(Thread.java:748) [?:1.8.0_202]

2023-04-19 14:07:28,784 274783 ERROR      CATCHING[ EXCEPTION ] at.lcm.x2c.communication.protocol.LNetV6 291 fopen - catching java.io.IOException: Timeout
	at at.lcm.communication.hardware.Serial.fread(Serial.java:662) ~[Hardware.jar:local rlocal -- 2021-07-21 11:31:06]
	at at.lcm.communication.hardware.Serial.fread(Serial.java:643) ~[Hardware.jar:local rlocal -- 2021-07-21 11:31:06]
	at at.lcm.x2c.communication.protocol.LNetV6.fread(LNetV6.java:1160) ~[Core.jar:jenkins-X2C-edu-491 r2727 -- 491]
	at at.lcm.x2c.communication.protocol.LNetV6.communicate(LNetV6.java:2002) ~[Core.jar:jenkins-X2C-edu-491 r2727 -- 491]
	at at.lcm.x2c.communication.protocol.LNetV6.getDeviceInfo(LNetV6.java:386) ~[Core.jar:jenkins-X2C-edu-491 r2727 -- 491]
	at at.lcm.x2c.communication.protocol.LNetV6.fopen(LNetV6.java:282) [Core.jar:jenkins-X2C-edu-491 r2727 -- 491]
	at at.lcm.x2c.communication.protocol.ProtocolFactory.connect(ProtocolFactory.java:134) [Core.jar:jenkins-X2C-edu-491 r2727 -- 491]
	at at.lcm.x2c.communication.protocol.CommunicatorHelper.connectLNet(CommunicatorHelper.java:62) [Core.jar:jenkins-X2C-edu-491 r2727 -- 491]
	at at.lcm.x2c.gui.communicator.ProtocolPanel.connect(ProtocolPanel.java:157) [Communicator.jar:jenkins-X2C-edu-491 r2727 -- 491]
	at at.lcm.x2c.gui.communicator.Communicator$41.doInBackground(Communicator.java:1771) [Communicator.jar:jenkins-X2C-edu-491 r2727 -- 491]
	at at.lcm.x2c.gui.communicator.Communicator$41.doInBackground(Communicator.java:1765) [Communicator.jar:jenkins-X2C-edu-491 r2727 -- 491]
	at javax.swing.SwingWorker$1.call(SwingWorker.java:295) [?:1.8.0_202]
	at java.util.concurrent.FutureTask.run(FutureTask.java:266) [?:1.8.0_202]
	at javax.swing.SwingWorker.run(SwingWorker.java:334) [?:1.8.0_202]
	at java.util.concurrent.ThreadPoolExecutor.runWorker(ThreadPoolExecutor.java:1149) [?:1.8.0_202]
	at java.util.concurrent.ThreadPoolExecutor$Worker.run(ThreadPoolExecutor.java:624) [?:1.8.0_202]
	at java.lang.Thread.run(Thread.java:748) [?:1.8.0_202]

2023-04-19 14:07:30,102 276101 WARN       THROWING[ EXCEPTION ] at.lcm.communication.hardware.Serial 662 fread - throwing java.io.IOException: Timeout
	at at.lcm.communication.hardware.Serial.fread(Serial.java:662) [Hardware.jar:local rlocal -- 2021-07-21 11:31:06]
	at at.lcm.communication.hardware.Serial.fread(Serial.java:643) [Hardware.jar:local rlocal -- 2021-07-21 11:31:06]
	at at.lcm.x2c.communication.protocol.LNetV6.fread(LNetV6.java:1160) [Core.jar:jenkins-X2C-edu-491 r2727 -- 491]
	at at.lcm.x2c.communication.protocol.LNetV6.communicate(LNetV6.java:2002) [Core.jar:jenkins-X2C-edu-491 r2727 -- 491]
	at at.lcm.x2c.communication.protocol.LNetV6.getDeviceInfo(LNetV6.java:386) [Core.jar:jenkins-X2C-edu-491 r2727 -- 491]
	at at.lcm.x2c.communication.protocol.LNetV6.fopen(LNetV6.java:282) [Core.jar:jenkins-X2C-edu-491 r2727 -- 491]
	at at.lcm.x2c.communication.protocol.ProtocolFactory.connect(ProtocolFactory.java:150) [Core.jar:jenkins-X2C-edu-491 r2727 -- 491]
	at at.lcm.x2c.communication.protocol.CommunicatorHelper.connectLNet(CommunicatorHelper.java:62) [Core.jar:jenkins-X2C-edu-491 r2727 -- 491]
	at at.lcm.x2c.gui.communicator.ProtocolPanel.connect(ProtocolPanel.java:157) [Communicator.jar:jenkins-X2C-edu-491 r2727 -- 491]
	at at.lcm.x2c.gui.communicator.Communicator$41.doInBackground(Communicator.java:1771) [Communicator.jar:jenkins-X2C-edu-491 r2727 -- 491]
	at at.lcm.x2c.gui.communicator.Communicator$41.doInBackground(Communicator.java:1765) [Communicator.jar:jenkins-X2C-edu-491 r2727 -- 491]
	at javax.swing.SwingWorker$1.call(SwingWorker.java:295) [?:1.8.0_202]
	at java.util.concurrent.FutureTask.run(FutureTask.java:266) [?:1.8.0_202]
	at javax.swing.SwingWorker.run(SwingWorker.java:334) [?:1.8.0_202]
	at java.util.concurrent.ThreadPoolExecutor.runWorker(ThreadPoolExecutor.java:1149) [?:1.8.0_202]
	at java.util.concurrent.ThreadPoolExecutor$Worker.run(ThreadPoolExecutor.java:624) [?:1.8.0_202]
	at java.lang.Thread.run(Thread.java:748) [?:1.8.0_202]

2023-04-19 14:07:30,102 276101 ERROR      CATCHING[ EXCEPTION ] at.lcm.x2c.communication.protocol.LNetV6 291 fopen - catching java.io.IOException: Timeout
	at at.lcm.communication.hardware.Serial.fread(Serial.java:662) ~[Hardware.jar:local rlocal -- 2021-07-21 11:31:06]
	at at.lcm.communication.hardware.Serial.fread(Serial.java:643) ~[Hardware.jar:local rlocal -- 2021-07-21 11:31:06]
	at at.lcm.x2c.communication.protocol.LNetV6.fread(LNetV6.java:1160) ~[Core.jar:jenkins-X2C-edu-491 r2727 -- 491]
	at at.lcm.x2c.communication.protocol.LNetV6.communicate(LNetV6.java:2002) ~[Core.jar:jenkins-X2C-edu-491 r2727 -- 491]
	at at.lcm.x2c.communication.protocol.LNetV6.getDeviceInfo(LNetV6.java:386) ~[Core.jar:jenkins-X2C-edu-491 r2727 -- 491]
	at at.lcm.x2c.communication.protocol.LNetV6.fopen(LNetV6.java:282) [Core.jar:jenkins-X2C-edu-491 r2727 -- 491]
	at at.lcm.x2c.communication.protocol.ProtocolFactory.connect(ProtocolFactory.java:150) [Core.jar:jenkins-X2C-edu-491 r2727 -- 491]
	at at.lcm.x2c.communication.protocol.CommunicatorHelper.connectLNet(CommunicatorHelper.java:62) [Core.jar:jenkins-X2C-edu-491 r2727 -- 491]
	at at.lcm.x2c.gui.communicator.ProtocolPanel.connect(ProtocolPanel.java:157) [Communicator.jar:jenkins-X2C-edu-491 r2727 -- 491]
	at at.lcm.x2c.gui.communicator.Communicator$41.doInBackground(Communicator.java:1771) [Communicator.jar:jenkins-X2C-edu-491 r2727 -- 491]
	at at.lcm.x2c.gui.communicator.Communicator$41.doInBackground(Communicator.java:1765) [Communicator.jar:jenkins-X2C-edu-491 r2727 -- 491]
	at javax.swing.SwingWorker$1.call(SwingWorker.java:295) [?:1.8.0_202]
	at java.util.concurrent.FutureTask.run(FutureTask.java:266) [?:1.8.0_202]
	at javax.swing.SwingWorker.run(SwingWorker.java:334) [?:1.8.0_202]
	at java.util.concurrent.ThreadPoolExecutor.runWorker(ThreadPoolExecutor.java:1149) [?:1.8.0_202]
	at java.util.concurrent.ThreadPoolExecutor$Worker.run(ThreadPoolExecutor.java:624) [?:1.8.0_202]
	at java.lang.Thread.run(Thread.java:748) [?:1.8.0_202]

2023-04-19 14:07:30,515 276514 WARN       THROWING[ EXCEPTION ] at.lcm.communication.hardware.Serial 662 fread - throwing java.io.IOException: Timeout
	at at.lcm.communication.hardware.Serial.fread(Serial.java:662) [Hardware.jar:local rlocal -- 2021-07-21 11:31:06]
	at at.lcm.communication.hardware.Serial.fread(Serial.java:643) [Hardware.jar:local rlocal -- 2021-07-21 11:31:06]
	at at.lcm.x2c.communication.protocol.LNetV5.fread(LNetV5.java:1126) [Core.jar:jenkins-X2C-edu-491 r2727 -- 491]
	at at.lcm.x2c.communication.protocol.LNetV5.communicate(LNetV5.java:1908) [Core.jar:jenkins-X2C-edu-491 r2727 -- 491]
	at at.lcm.x2c.communication.protocol.LNetV5.getDeviceInfo(LNetV5.java:369) [Core.jar:jenkins-X2C-edu-491 r2727 -- 491]
	at at.lcm.x2c.communication.protocol.LNetV5.fopen(LNetV5.java:265) [Core.jar:jenkins-X2C-edu-491 r2727 -- 491]
	at at.lcm.x2c.communication.protocol.ProtocolFactory.connect(ProtocolFactory.java:134) [Core.jar:jenkins-X2C-edu-491 r2727 -- 491]
	at at.lcm.x2c.communication.protocol.CommunicatorHelper.connectLNet(CommunicatorHelper.java:62) [Core.jar:jenkins-X2C-edu-491 r2727 -- 491]
	at at.lcm.x2c.gui.communicator.ProtocolPanel.connect(ProtocolPanel.java:157) [Communicator.jar:jenkins-X2C-edu-491 r2727 -- 491]
	at at.lcm.x2c.gui.communicator.Communicator$41.doInBackground(Communicator.java:1771) [Communicator.jar:jenkins-X2C-edu-491 r2727 -- 491]
	at at.lcm.x2c.gui.communicator.Communicator$41.doInBackground(Communicator.java:1765) [Communicator.jar:jenkins-X2C-edu-491 r2727 -- 491]
	at javax.swing.SwingWorker$1.call(SwingWorker.java:295) [?:1.8.0_202]
	at java.util.concurrent.FutureTask.run(FutureTask.java:266) [?:1.8.0_202]
	at javax.swing.SwingWorker.run(SwingWorker.java:334) [?:1.8.0_202]
	at java.util.concurrent.ThreadPoolExecutor.runWorker(ThreadPoolExecutor.java:1149) [?:1.8.0_202]
	at java.util.concurrent.ThreadPoolExecutor$Worker.run(ThreadPoolExecutor.java:624) [?:1.8.0_202]
	at java.lang.Thread.run(Thread.java:748) [?:1.8.0_202]

2023-04-19 14:07:30,515 276514 ERROR      CATCHING[ EXCEPTION ] at.lcm.x2c.communication.protocol.LNetV5 274 fopen - catching java.io.IOException: Timeout
	at at.lcm.communication.hardware.Serial.fread(Serial.java:662) ~[Hardware.jar:local rlocal -- 2021-07-21 11:31:06]
	at at.lcm.communication.hardware.Serial.fread(Serial.java:643) ~[Hardware.jar:local rlocal -- 2021-07-21 11:31:06]
	at at.lcm.x2c.communication.protocol.LNetV5.fread(LNetV5.java:1126) ~[Core.jar:jenkins-X2C-edu-491 r2727 -- 491]
	at at.lcm.x2c.communication.protocol.LNetV5.communicate(LNetV5.java:1908) ~[Core.jar:jenkins-X2C-edu-491 r2727 -- 491]
	at at.lcm.x2c.communication.protocol.LNetV5.getDeviceInfo(LNetV5.java:369) ~[Core.jar:jenkins-X2C-edu-491 r2727 -- 491]
	at at.lcm.x2c.communication.protocol.LNetV5.fopen(LNetV5.java:265) [Core.jar:jenkins-X2C-edu-491 r2727 -- 491]
	at at.lcm.x2c.communication.protocol.ProtocolFactory.connect(ProtocolFactory.java:134) [Core.jar:jenkins-X2C-edu-491 r2727 -- 491]
	at at.lcm.x2c.communication.protocol.CommunicatorHelper.connectLNet(CommunicatorHelper.java:62) [Core.jar:jenkins-X2C-edu-491 r2727 -- 491]
	at at.lcm.x2c.gui.communicator.ProtocolPanel.connect(ProtocolPanel.java:157) [Communicator.jar:jenkins-X2C-edu-491 r2727 -- 491]
	at at.lcm.x2c.gui.communicator.Communicator$41.doInBackground(Communicator.java:1771) [Communicator.jar:jenkins-X2C-edu-491 r2727 -- 491]
	at at.lcm.x2c.gui.communicator.Communicator$41.doInBackground(Communicator.java:1765) [Communicator.jar:jenkins-X2C-edu-491 r2727 -- 491]
	at javax.swing.SwingWorker$1.call(SwingWorker.java:295) [?:1.8.0_202]
	at java.util.concurrent.FutureTask.run(FutureTask.java:266) [?:1.8.0_202]
	at javax.swing.SwingWorker.run(SwingWorker.java:334) [?:1.8.0_202]
	at java.util.concurrent.ThreadPoolExecutor.runWorker(ThreadPoolExecutor.java:1149) [?:1.8.0_202]
	at java.util.concurrent.ThreadPoolExecutor$Worker.run(ThreadPoolExecutor.java:624) [?:1.8.0_202]
	at java.lang.Thread.run(Thread.java:748) [?:1.8.0_202]

2023-04-19 14:07:31,843 277842 WARN       THROWING[ EXCEPTION ] at.lcm.communication.hardware.Serial 662 fread - throwing java.io.IOException: Timeout
	at at.lcm.communication.hardware.Serial.fread(Serial.java:662) [Hardware.jar:local rlocal -- 2021-07-21 11:31:06]
	at at.lcm.communication.hardware.Serial.fread(Serial.java:643) [Hardware.jar:local rlocal -- 2021-07-21 11:31:06]
	at at.lcm.x2c.communication.protocol.LNetV5.fread(LNetV5.java:1126) [Core.jar:jenkins-X2C-edu-491 r2727 -- 491]
	at at.lcm.x2c.communication.protocol.LNetV5.communicate(LNetV5.java:1908) [Core.jar:jenkins-X2C-edu-491 r2727 -- 491]
	at at.lcm.x2c.communication.protocol.LNetV5.getDeviceInfo(LNetV5.java:369) [Core.jar:jenkins-X2C-edu-491 r2727 -- 491]
	at at.lcm.x2c.communication.protocol.LNetV5.fopen(LNetV5.java:265) [Core.jar:jenkins-X2C-edu-491 r2727 -- 491]
	at at.lcm.x2c.communication.protocol.ProtocolFactory.connect(ProtocolFactory.java:150) [Core.jar:jenkins-X2C-edu-491 r2727 -- 491]
	at at.lcm.x2c.communication.protocol.CommunicatorHelper.connectLNet(CommunicatorHelper.java:62) [Core.jar:jenkins-X2C-edu-491 r2727 -- 491]
	at at.lcm.x2c.gui.communicator.ProtocolPanel.connect(ProtocolPanel.java:157) [Communicator.jar:jenkins-X2C-edu-491 r2727 -- 491]
	at at.lcm.x2c.gui.communicator.Communicator$41.doInBackground(Communicator.java:1771) [Communicator.jar:jenkins-X2C-edu-491 r2727 -- 491]
	at at.lcm.x2c.gui.communicator.Communicator$41.doInBackground(Communicator.java:1765) [Communicator.jar:jenkins-X2C-edu-491 r2727 -- 491]
	at javax.swing.SwingWorker$1.call(SwingWorker.java:295) [?:1.8.0_202]
	at java.util.concurrent.FutureTask.run(FutureTask.java:266) [?:1.8.0_202]
	at javax.swing.SwingWorker.run(SwingWorker.java:334) [?:1.8.0_202]
	at java.util.concurrent.ThreadPoolExecutor.runWorker(ThreadPoolExecutor.java:1149) [?:1.8.0_202]
	at java.util.concurrent.ThreadPoolExecutor$Worker.run(ThreadPoolExecutor.java:624) [?:1.8.0_202]
	at java.lang.Thread.run(Thread.java:748) [?:1.8.0_202]

2023-04-19 14:07:31,843 277842 ERROR      CATCHING[ EXCEPTION ] at.lcm.x2c.communication.protocol.LNetV5 274 fopen - catching java.io.IOException: Timeout
	at at.lcm.communication.hardware.Serial.fread(Serial.java:662) ~[Hardware.jar:local rlocal -- 2021-07-21 11:31:06]
	at at.lcm.communication.hardware.Serial.fread(Serial.java:643) ~[Hardware.jar:local rlocal -- 2021-07-21 11:31:06]
	at at.lcm.x2c.communication.protocol.LNetV5.fread(LNetV5.java:1126) ~[Core.jar:jenkins-X2C-edu-491 r2727 -- 491]
	at at.lcm.x2c.communication.protocol.LNetV5.communicate(LNetV5.java:1908) ~[Core.jar:jenkins-X2C-edu-491 r2727 -- 491]
	at at.lcm.x2c.communication.protocol.LNetV5.getDeviceInfo(LNetV5.java:369) ~[Core.jar:jenkins-X2C-edu-491 r2727 -- 491]
	at at.lcm.x2c.communication.protocol.LNetV5.fopen(LNetV5.java:265) [Core.jar:jenkins-X2C-edu-491 r2727 -- 491]
	at at.lcm.x2c.communication.protocol.ProtocolFactory.connect(ProtocolFactory.java:150) [Core.jar:jenkins-X2C-edu-491 r2727 -- 491]
	at at.lcm.x2c.communication.protocol.CommunicatorHelper.connectLNet(CommunicatorHelper.java:62) [Core.jar:jenkins-X2C-edu-491 r2727 -- 491]
	at at.lcm.x2c.gui.communicator.ProtocolPanel.connect(ProtocolPanel.java:157) [Communicator.jar:jenkins-X2C-edu-491 r2727 -- 491]
	at at.lcm.x2c.gui.communicator.Communicator$41.doInBackground(Communicator.java:1771) [Communicator.jar:jenkins-X2C-edu-491 r2727 -- 491]
	at at.lcm.x2c.gui.communicator.Communicator$41.doInBackground(Communicator.java:1765) [Communicator.jar:jenkins-X2C-edu-491 r2727 -- 491]
	at javax.swing.SwingWorker$1.call(SwingWorker.java:295) [?:1.8.0_202]
	at java.util.concurrent.FutureTask.run(FutureTask.java:266) [?:1.8.0_202]
	at javax.swing.SwingWorker.run(SwingWorker.java:334) [?:1.8.0_202]
	at java.util.concurrent.ThreadPoolExecutor.runWorker(ThreadPoolExecutor.java:1149) [?:1.8.0_202]
	at java.util.concurrent.ThreadPoolExecutor$Worker.run(ThreadPoolExecutor.java:624) [?:1.8.0_202]
	at java.lang.Thread.run(Thread.java:748) [?:1.8.0_202]

2023-04-28 13:28:50,661 13904387 WARN       THROWING[ EXCEPTION ] at.lcm.communication.hardware.Serial 662 fread - throwing java.io.IOException: Timeout
	at at.lcm.communication.hardware.Serial.fread(Serial.java:662) [Hardware.jar:local rlocal -- 2021-07-21 11:31:06]
	at at.lcm.communication.hardware.Serial.fread(Serial.java:643) [Hardware.jar:local rlocal -- 2021-07-21 11:31:06]
	at at.lcm.x2c.communication.protocol.LNetV6.fread(LNetV6.java:1160) [Core.jar:jenkins-X2C-edu-491 r2727 -- 491]
	at at.lcm.x2c.communication.protocol.LNetV6.communicate(LNetV6.java:2002) [Core.jar:jenkins-X2C-edu-491 r2727 -- 491]
	at at.lcm.x2c.communication.protocol.LNetV6.getBlock(LNetV6.java:761) [Core.jar:jenkins-X2C-edu-491 r2727 -- 491]
	at at.lcm.x2c.communication.protocol.LNetV6.getRAMBlock8Bit(LNetV6.java:550) [Core.jar:jenkins-X2C-edu-491 r2727 -- 491]
	at at.lcm.x2c.scope.Scope.addDspData2ChannelData(Scope.java:724) [Core.jar:jenkins-X2C-edu-491 r2727 -- 491]
	at at.lcm.x2c.scope.Scope.updateSamplingData(Scope.java:1616) [Core.jar:jenkins-X2C-edu-491 r2727 -- 491]
	at at.lcm.x2c.scope.Scope$SampleThread.run(Scope.java:652) [Core.jar:jenkins-X2C-edu-491 r2727 -- 491]
	at java.lang.Thread.run(Thread.java:748) [?:1.8.0_202]

2023-04-28 13:28:52,214 13905940 WARN       THROWING[ EXCEPTION ] at.lcm.communication.hardware.Serial 662 fread - throwing java.io.IOException: Timeout
	at at.lcm.communication.hardware.Serial.fread(Serial.java:662) [Hardware.jar:local rlocal -- 2021-07-21 11:31:06]
	at at.lcm.communication.hardware.Serial.fread(Serial.java:643) [Hardware.jar:local rlocal -- 2021-07-21 11:31:06]
	at at.lcm.x2c.communication.protocol.LNetV6.fread(LNetV6.java:1160) [Core.jar:jenkins-X2C-edu-491 r2727 -- 491]
	at at.lcm.x2c.communication.protocol.LNetV6.communicate(LNetV6.java:2002) [Core.jar:jenkins-X2C-edu-491 r2727 -- 491]
	at at.lcm.x2c.communication.protocol.LNetV6.loadParameter(LNetV6.java:2116) [Core.jar:jenkins-X2C-edu-491 r2727 -- 491]
	at at.lcm.x2c.communication.protocol.LNetV6.loadParameter(LNetV6.java:2079) [Core.jar:jenkins-X2C-edu-491 r2727 -- 491]
	at at.lcm.x2c.scope.Scope.getState(Scope.java:428) [Core.jar:jenkins-X2C-edu-491 r2727 -- 491]
	at at.lcm.x2c.scope.Scope.isFinished(Scope.java:1598) [Core.jar:jenkins-X2C-edu-491 r2727 -- 491]
	at at.lcm.x2c.scope.Scope$SampleThread.run(Scope.java:650) [Core.jar:jenkins-X2C-edu-491 r2727 -- 491]
	at java.lang.Thread.run(Thread.java:748) [?:1.8.0_202]

2023-04-28 13:28:53,336 13907062 WARN       THROWING[ EXCEPTION ] at.lcm.communication.hardware.Serial 662 fread - throwing java.io.IOException: Timeout
	at at.lcm.communication.hardware.Serial.fread(Serial.java:662) [Hardware.jar:local rlocal -- 2021-07-21 11:31:06]
	at at.lcm.communication.hardware.Serial.fread(Serial.java:643) [Hardware.jar:local rlocal -- 2021-07-21 11:31:06]
	at at.lcm.x2c.communication.protocol.LNetV6.fread(LNetV6.java:1160) [Core.jar:jenkins-X2C-edu-491 r2727 -- 491]
	at at.lcm.x2c.communication.protocol.LNetV6.communicate(LNetV6.java:2002) [Core.jar:jenkins-X2C-edu-491 r2727 -- 491]
	at at.lcm.x2c.communication.protocol.LNetV6.loadParameter(LNetV6.java:2116) [Core.jar:jenkins-X2C-edu-491 r2727 -- 491]
	at at.lcm.x2c.communication.protocol.LNetV6.loadParameter(LNetV6.java:2079) [Core.jar:jenkins-X2C-edu-491 r2727 -- 491]
	at at.lcm.x2c.scope.Scope.getState(Scope.java:428) [Core.jar:jenkins-X2C-edu-491 r2727 -- 491]
	at at.lcm.x2c.scope.Scope.isFinished(Scope.java:1598) [Core.jar:jenkins-X2C-edu-491 r2727 -- 491]
	at at.lcm.x2c.scope.Scope$SampleThread.run(Scope.java:650) [Core.jar:jenkins-X2C-edu-491 r2727 -- 491]
	at java.lang.Thread.run(Thread.java:748) [?:1.8.0_202]

2023-04-28 13:28:54,452 13908178 WARN       THROWING[ EXCEPTION ] at.lcm.communication.hardware.Serial 662 fread - throwing java.io.IOException: Timeout
	at at.lcm.communication.hardware.Serial.fread(Serial.java:662) [Hardware.jar:local rlocal -- 2021-07-21 11:31:06]
	at at.lcm.communication.hardware.Serial.fread(Serial.java:643) [Hardware.jar:local rlocal -- 2021-07-21 11:31:06]
	at at.lcm.x2c.communication.protocol.LNetV6.fread(LNetV6.java:1160) [Core.jar:jenkins-X2C-edu-491 r2727 -- 491]
	at at.lcm.x2c.communication.protocol.LNetV6.communicate(LNetV6.java:2002) [Core.jar:jenkins-X2C-edu-491 r2727 -- 491]
	at at.lcm.x2c.communication.protocol.LNetV6.loadParameter(LNetV6.java:2116) [Core.jar:jenkins-X2C-edu-491 r2727 -- 491]
	at at.lcm.x2c.communication.protocol.LNetV6.loadParameter(LNetV6.java:2079) [Core.jar:jenkins-X2C-edu-491 r2727 -- 491]
	at at.lcm.x2c.scope.Scope.getState(Scope.java:428) [Core.jar:jenkins-X2C-edu-491 r2727 -- 491]
	at at.lcm.x2c.scope.Scope.isFinished(Scope.java:1598) [Core.jar:jenkins-X2C-edu-491 r2727 -- 491]
	at at.lcm.x2c.scope.Scope$SampleThread.run(Scope.java:650) [Core.jar:jenkins-X2C-edu-491 r2727 -- 491]
	at java.lang.Thread.run(Thread.java:748) [?:1.8.0_202]

2023-04-28 13:58:54,747 15708473 WARN       THROWING[ EXCEPTION ] at.lcm.communication.hardware.Serial 662 fread - throwing java.io.IOException: Timeout
	at at.lcm.communication.hardware.Serial.fread(Serial.java:662) [Hardware.jar:local rlocal -- 2021-07-21 11:31:06]
	at at.lcm.communication.hardware.Serial.fread(Serial.java:643) [Hardware.jar:local rlocal -- 2021-07-21 11:31:06]
	at at.lcm.x2c.communication.protocol.LNetV6.fread(LNetV6.java:1160) [Core.jar:jenkins-X2C-edu-491 r2727 -- 491]
	at at.lcm.x2c.communication.protocol.LNetV6.communicate(LNetV6.java:2002) [Core.jar:jenkins-X2C-edu-491 r2727 -- 491]
	at at.lcm.x2c.communication.protocol.LNetV6.getBlock(LNetV6.java:761) [Core.jar:jenkins-X2C-edu-491 r2727 -- 491]
	at at.lcm.x2c.communication.protocol.LNetV6.getRAMBlock8Bit(LNetV6.java:550) [Core.jar:jenkins-X2C-edu-491 r2727 -- 491]
	at at.lcm.x2c.scope.Scope.addDspData2ChannelData(Scope.java:724) [Core.jar:jenkins-X2C-edu-491 r2727 -- 491]
	at at.lcm.x2c.scope.Scope.updateSamplingData(Scope.java:1616) [Core.jar:jenkins-X2C-edu-491 r2727 -- 491]
	at at.lcm.x2c.scope.Scope$SampleThread.run(Scope.java:652) [Core.jar:jenkins-X2C-edu-491 r2727 -- 491]
	at java.lang.Thread.run(Thread.java:748) [?:1.8.0_202]

2023-04-28 14:30:14,334 17588060 WARN       THROWING[ EXCEPTION ] at.lcm.communication.hardware.Serial 662 fread - throwing java.io.IOException: Timeout
	at at.lcm.communication.hardware.Serial.fread(Serial.java:662) [Hardware.jar:local rlocal -- 2021-07-21 11:31:06]
	at at.lcm.communication.hardware.Serial.fread(Serial.java:643) [Hardware.jar:local rlocal -- 2021-07-21 11:31:06]
	at at.lcm.x2c.communication.protocol.LNetV6.fread(LNetV6.java:1160) [Core.jar:jenkins-X2C-edu-491 r2727 -- 491]
	at at.lcm.x2c.communication.protocol.LNetV6.communicate(LNetV6.java:2002) [Core.jar:jenkins-X2C-edu-491 r2727 -- 491]
	at at.lcm.x2c.communication.protocol.LNetV6.loadParameter(LNetV6.java:2116) [Core.jar:jenkins-X2C-edu-491 r2727 -- 491]
	at at.lcm.x2c.communication.protocol.LNetV6.loadParameter(LNetV6.java:2079) [Core.jar:jenkins-X2C-edu-491 r2727 -- 491]
	at at.lcm.x2c.scope.Scope.getState(Scope.java:428) [Core.jar:jenkins-X2C-edu-491 r2727 -- 491]
	at at.lcm.x2c.scope.Scope.isFinished(Scope.java:1598) [Core.jar:jenkins-X2C-edu-491 r2727 -- 491]
	at at.lcm.x2c.scope.Scope$SampleThread.run(Scope.java:650) [Core.jar:jenkins-X2C-edu-491 r2727 -- 491]
	at java.lang.Thread.run(Thread.java:748) [?:1.8.0_202]

2023-04-28 14:30:15,444 17589170 WARN       THROWING[ EXCEPTION ] at.lcm.communication.hardware.Serial 662 fread - throwing java.io.IOException: Timeout
	at at.lcm.communication.hardware.Serial.fread(Serial.java:662) [Hardware.jar:local rlocal -- 2021-07-21 11:31:06]
	at at.lcm.communication.hardware.Serial.fread(Serial.java:643) [Hardware.jar:local rlocal -- 2021-07-21 11:31:06]
	at at.lcm.x2c.communication.protocol.LNetV6.fread(LNetV6.java:1160) [Core.jar:jenkins-X2C-edu-491 r2727 -- 491]
	at at.lcm.x2c.communication.protocol.LNetV6.communicate(LNetV6.java:2002) [Core.jar:jenkins-X2C-edu-491 r2727 -- 491]
	at at.lcm.x2c.communication.protocol.LNetV6.loadParameter(LNetV6.java:2116) [Core.jar:jenkins-X2C-edu-491 r2727 -- 491]
	at at.lcm.x2c.communication.protocol.LNetV6.loadParameter(LNetV6.java:2079) [Core.jar:jenkins-X2C-edu-491 r2727 -- 491]
	at at.lcm.x2c.scope.Scope.getState(Scope.java:428) [Core.jar:jenkins-X2C-edu-491 r2727 -- 491]
	at at.lcm.x2c.scope.Scope.isFinished(Scope.java:1598) [Core.jar:jenkins-X2C-edu-491 r2727 -- 491]
	at at.lcm.x2c.scope.Scope$SampleThread.run(Scope.java:650) [Core.jar:jenkins-X2C-edu-491 r2727 -- 491]
	at java.lang.Thread.run(Thread.java:748) [?:1.8.0_202]

2023-04-28 14:30:16,558 17590284 WARN       THROWING[ EXCEPTION ] at.lcm.communication.hardware.Serial 662 fread - throwing java.io.IOException: Timeout
	at at.lcm.communication.hardware.Serial.fread(Serial.java:662) [Hardware.jar:local rlocal -- 2021-07-21 11:31:06]
	at at.lcm.communication.hardware.Serial.fread(Serial.java:643) [Hardware.jar:local rlocal -- 2021-07-21 11:31:06]
	at at.lcm.x2c.communication.protocol.LNetV6.fread(LNetV6.java:1160) [Core.jar:jenkins-X2C-edu-491 r2727 -- 491]
	at at.lcm.x2c.communication.protocol.LNetV6.communicate(LNetV6.java:2002) [Core.jar:jenkins-X2C-edu-491 r2727 -- 491]
	at at.lcm.x2c.communication.protocol.LNetV6.loadParameter(LNetV6.java:2116) [Core.jar:jenkins-X2C-edu-491 r2727 -- 491]
	at at.lcm.x2c.communication.protocol.LNetV6.loadParameter(LNetV6.java:2079) [Core.jar:jenkins-X2C-edu-491 r2727 -- 491]
	at at.lcm.x2c.scope.Scope.getState(Scope.java:428) [Core.jar:jenkins-X2C-edu-491 r2727 -- 491]
	at at.lcm.x2c.scope.Scope.isFinished(Scope.java:1598) [Core.jar:jenkins-X2C-edu-491 r2727 -- 491]
	at at.lcm.x2c.scope.Scope$SampleThread.run(Scope.java:650) [Core.jar:jenkins-X2C-edu-491 r2727 -- 491]
	at java.lang.Thread.run(Thread.java:748) [?:1.8.0_202]

2023-04-28 14:30:17,682 17591408 WARN       THROWING[ EXCEPTION ] at.lcm.communication.hardware.Serial 662 fread - throwing java.io.IOException: Timeout
	at at.lcm.communication.hardware.Serial.fread(Serial.java:662) [Hardware.jar:local rlocal -- 2021-07-21 11:31:06]
	at at.lcm.communication.hardware.Serial.fread(Serial.java:643) [Hardware.jar:local rlocal -- 2021-07-21 11:31:06]
	at at.lcm.x2c.communication.protocol.LNetV6.fread(LNetV6.java:1160) [Core.jar:jenkins-X2C-edu-491 r2727 -- 491]
	at at.lcm.x2c.communication.protocol.LNetV6.communicate(LNetV6.java:2002) [Core.jar:jenkins-X2C-edu-491 r2727 -- 491]
	at at.lcm.x2c.communication.protocol.LNetV6.loadParameter(LNetV6.java:2116) [Core.jar:jenkins-X2C-edu-491 r2727 -- 491]
	at at.lcm.x2c.communication.protocol.LNetV6.loadParameter(LNetV6.java:2079) [Core.jar:jenkins-X2C-edu-491 r2727 -- 491]
	at at.lcm.x2c.scope.Scope.getState(Scope.java:428) [Core.jar:jenkins-X2C-edu-491 r2727 -- 491]
	at at.lcm.x2c.scope.Scope.isFinished(Scope.java:1598) [Core.jar:jenkins-X2C-edu-491 r2727 -- 491]
	at at.lcm.x2c.scope.Scope$SampleThread.run(Scope.java:650) [Core.jar:jenkins-X2C-edu-491 r2727 -- 491]
	at java.lang.Thread.run(Thread.java:748) [?:1.8.0_202]

2023-04-28 15:00:23,664 19397390 WARN       THROWING[ EXCEPTION ] at.lcm.communication.hardware.Serial 662 fread - throwing java.io.IOException: Timeout
	at at.lcm.communication.hardware.Serial.fread(Serial.java:662) [Hardware.jar:local rlocal -- 2021-07-21 11:31:06]
	at at.lcm.communication.hardware.Serial.fread(Serial.java:643) [Hardware.jar:local rlocal -- 2021-07-21 11:31:06]
	at at.lcm.x2c.communication.protocol.LNetV6.fread(LNetV6.java:1160) [Core.jar:jenkins-X2C-edu-491 r2727 -- 491]
	at at.lcm.x2c.communication.protocol.LNetV6.communicate(LNetV6.java:2002) [Core.jar:jenkins-X2C-edu-491 r2727 -- 491]
	at at.lcm.x2c.communication.protocol.LNetV6.getBlock(LNetV6.java:761) [Core.jar:jenkins-X2C-edu-491 r2727 -- 491]
	at at.lcm.x2c.communication.protocol.LNetV6.getRAMBlock8Bit(LNetV6.java:550) [Core.jar:jenkins-X2C-edu-491 r2727 -- 491]
	at at.lcm.x2c.scope.Scope.addDspData2ChannelData(Scope.java:724) [Core.jar:jenkins-X2C-edu-491 r2727 -- 491]
	at at.lcm.x2c.scope.Scope.updateSamplingData(Scope.java:1616) [Core.jar:jenkins-X2C-edu-491 r2727 -- 491]
	at at.lcm.x2c.scope.Scope$SampleThread.run(Scope.java:652) [Core.jar:jenkins-X2C-edu-491 r2727 -- 491]
	at java.lang.Thread.run(Thread.java:748) [?:1.8.0_202]

2023-04-28 15:00:24,787 19398513 WARN       THROWING[ EXCEPTION ] at.lcm.communication.hardware.Serial 662 fread - throwing java.io.IOException: Timeout
	at at.lcm.communication.hardware.Serial.fread(Serial.java:662) [Hardware.jar:local rlocal -- 2021-07-21 11:31:06]
	at at.lcm.communication.hardware.Serial.fread(Serial.java:643) [Hardware.jar:local rlocal -- 2021-07-21 11:31:06]
	at at.lcm.x2c.communication.protocol.LNetV6.fread(LNetV6.java:1160) [Core.jar:jenkins-X2C-edu-491 r2727 -- 491]
	at at.lcm.x2c.communication.protocol.LNetV6.communicate(LNetV6.java:2002) [Core.jar:jenkins-X2C-edu-491 r2727 -- 491]
	at at.lcm.x2c.communication.protocol.LNetV6.loadParameter(LNetV6.java:2116) [Core.jar:jenkins-X2C-edu-491 r2727 -- 491]
	at at.lcm.x2c.communication.protocol.LNetV6.loadParameter(LNetV6.java:2079) [Core.jar:jenkins-X2C-edu-491 r2727 -- 491]
	at at.lcm.x2c.scope.Scope.getState(Scope.java:428) [Core.jar:jenkins-X2C-edu-491 r2727 -- 491]
	at at.lcm.x2c.scope.Scope.isFinished(Scope.java:1598) [Core.jar:jenkins-X2C-edu-491 r2727 -- 491]
	at at.lcm.x2c.scope.Scope$SampleThread.run(Scope.java:650) [Core.jar:jenkins-X2C-edu-491 r2727 -- 491]
	at java.lang.Thread.run(Thread.java:748) [?:1.8.0_202]

2023-04-28 15:27:49,932 21043658 WARN       THROWING[ EXCEPTION ] at.lcm.communication.hardware.Serial 662 fread - throwing java.io.IOException: Timeout
	at at.lcm.communication.hardware.Serial.fread(Serial.java:662) [Hardware.jar:local rlocal -- 2021-07-21 11:31:06]
	at at.lcm.communication.hardware.Serial.fread(Serial.java:643) [Hardware.jar:local rlocal -- 2021-07-21 11:31:06]
	at at.lcm.x2c.communication.protocol.LNetV6.fread(LNetV6.java:1160) [Core.jar:jenkins-X2C-edu-491 r2727 -- 491]
	at at.lcm.x2c.communication.protocol.LNetV6.communicate(LNetV6.java:2002) [Core.jar:jenkins-X2C-edu-491 r2727 -- 491]
	at at.lcm.x2c.communication.protocol.LNetV6.loadParameter(LNetV6.java:2116) [Core.jar:jenkins-X2C-edu-491 r2727 -- 491]
	at at.lcm.x2c.communication.protocol.LNetV6.loadParameter(LNetV6.java:2079) [Core.jar:jenkins-X2C-edu-491 r2727 -- 491]
	at at.lcm.x2c.scope.Scope.getState(Scope.java:428) [Core.jar:jenkins-X2C-edu-491 r2727 -- 491]
	at at.lcm.x2c.scope.Scope.isFinished(Scope.java:1598) [Core.jar:jenkins-X2C-edu-491 r2727 -- 491]
	at at.lcm.x2c.scope.Scope$SampleThread.run(Scope.java:650) [Core.jar:jenkins-X2C-edu-491 r2727 -- 491]
	at java.lang.Thread.run(Thread.java:748) [?:1.8.0_202]

2023-04-28 15:27:51,044 21044770 WARN       THROWING[ EXCEPTION ] at.lcm.communication.hardware.Serial 662 fread - throwing java.io.IOException: Timeout
	at at.lcm.communication.hardware.Serial.fread(Serial.java:662) [Hardware.jar:local rlocal -- 2021-07-21 11:31:06]
	at at.lcm.communication.hardware.Serial.fread(Serial.java:643) [Hardware.jar:local rlocal -- 2021-07-21 11:31:06]
	at at.lcm.x2c.communication.protocol.LNetV6.fread(LNetV6.java:1160) [Core.jar:jenkins-X2C-edu-491 r2727 -- 491]
	at at.lcm.x2c.communication.protocol.LNetV6.communicate(LNetV6.java:2002) [Core.jar:jenkins-X2C-edu-491 r2727 -- 491]
	at at.lcm.x2c.communication.protocol.LNetV6.loadParameter(LNetV6.java:2116) [Core.jar:jenkins-X2C-edu-491 r2727 -- 491]
	at at.lcm.x2c.communication.protocol.LNetV6.loadParameter(LNetV6.java:2079) [Core.jar:jenkins-X2C-edu-491 r2727 -- 491]
	at at.lcm.x2c.scope.Scope.getState(Scope.java:428) [Core.jar:jenkins-X2C-edu-491 r2727 -- 491]
	at at.lcm.x2c.scope.Scope.isFinished(Scope.java:1598) [Core.jar:jenkins-X2C-edu-491 r2727 -- 491]
	at at.lcm.x2c.scope.Scope$SampleThread.run(Scope.java:650) [Core.jar:jenkins-X2C-edu-491 r2727 -- 491]
	at java.lang.Thread.run(Thread.java:748) [?:1.8.0_202]

2023-04-28 15:27:52,168 21045894 WARN       THROWING[ EXCEPTION ] at.lcm.communication.hardware.Serial 662 fread - throwing java.io.IOException: Timeout
	at at.lcm.communication.hardware.Serial.fread(Serial.java:662) [Hardware.jar:local rlocal -- 2021-07-21 11:31:06]
	at at.lcm.communication.hardware.Serial.fread(Serial.java:643) [Hardware.jar:local rlocal -- 2021-07-21 11:31:06]
	at at.lcm.x2c.communication.protocol.LNetV6.fread(LNetV6.java:1160) [Core.jar:jenkins-X2C-edu-491 r2727 -- 491]
	at at.lcm.x2c.communication.protocol.LNetV6.communicate(LNetV6.java:2002) [Core.jar:jenkins-X2C-edu-491 r2727 -- 491]
	at at.lcm.x2c.communication.protocol.LNetV6.loadParameter(LNetV6.java:2116) [Core.jar:jenkins-X2C-edu-491 r2727 -- 491]
	at at.lcm.x2c.communication.protocol.LNetV6.loadParameter(LNetV6.java:2079) [Core.jar:jenkins-X2C-edu-491 r2727 -- 491]
	at at.lcm.x2c.scope.Scope.getState(Scope.java:428) [Core.jar:jenkins-X2C-edu-491 r2727 -- 491]
	at at.lcm.x2c.scope.Scope.isFinished(Scope.java:1598) [Core.jar:jenkins-X2C-edu-491 r2727 -- 491]
	at at.lcm.x2c.scope.Scope$SampleThread.run(Scope.java:650) [Core.jar:jenkins-X2C-edu-491 r2727 -- 491]
	at java.lang.Thread.run(Thread.java:748) [?:1.8.0_202]

2023-04-28 15:27:53,285 21047011 WARN       THROWING[ EXCEPTION ] at.lcm.communication.hardware.Serial 662 fread - throwing java.io.IOException: Timeout
	at at.lcm.communication.hardware.Serial.fread(Serial.java:662) [Hardware.jar:local rlocal -- 2021-07-21 11:31:06]
	at at.lcm.communication.hardware.Serial.fread(Serial.java:643) [Hardware.jar:local rlocal -- 2021-07-21 11:31:06]
	at at.lcm.x2c.communication.protocol.LNetV6.fread(LNetV6.java:1160) [Core.jar:jenkins-X2C-edu-491 r2727 -- 491]
	at at.lcm.x2c.communication.protocol.LNetV6.communicate(LNetV6.java:2002) [Core.jar:jenkins-X2C-edu-491 r2727 -- 491]
	at at.lcm.x2c.communication.protocol.LNetV6.loadParameter(LNetV6.java:2116) [Core.jar:jenkins-X2C-edu-491 r2727 -- 491]
	at at.lcm.x2c.communication.protocol.LNetV6.loadParameter(LNetV6.java:2079) [Core.jar:jenkins-X2C-edu-491 r2727 -- 491]
	at at.lcm.x2c.scope.Scope.getState(Scope.java:428) [Core.jar:jenkins-X2C-edu-491 r2727 -- 491]
	at at.lcm.x2c.scope.Scope.isFinished(Scope.java:1598) [Core.jar:jenkins-X2C-edu-491 r2727 -- 491]
	at at.lcm.x2c.scope.Scope$SampleThread.run(Scope.java:650) [Core.jar:jenkins-X2C-edu-491 r2727 -- 491]
	at java.lang.Thread.run(Thread.java:748) [?:1.8.0_202]

2023-05-05 15:36:28,692 3485532 WARN       THROWING[ EXCEPTION ] at.lcm.communication.hardware.Serial 662 fread - throwing java.io.IOException: Timeout
	at at.lcm.communication.hardware.Serial.fread(Serial.java:662) [Hardware.jar:local rlocal -- 2021-07-21 11:31:06]
	at at.lcm.communication.hardware.Serial.fread(Serial.java:643) [Hardware.jar:local rlocal -- 2021-07-21 11:31:06]
	at at.lcm.x2c.communication.protocol.LNetV6.fread(LNetV6.java:1160) [Core.jar:jenkins-X2C-edu-491 r2727 -- 491]
	at at.lcm.x2c.communication.protocol.LNetV6.communicate(LNetV6.java:2002) [Core.jar:jenkins-X2C-edu-491 r2727 -- 491]
	at at.lcm.x2c.communication.protocol.LNetV6.getBlock(LNetV6.java:761) [Core.jar:jenkins-X2C-edu-491 r2727 -- 491]
	at at.lcm.x2c.communication.protocol.LNetV6.getRAMBlock8Bit(LNetV6.java:550) [Core.jar:jenkins-X2C-edu-491 r2727 -- 491]
	at at.lcm.x2c.scope.Scope.addDspData2ChannelData(Scope.java:724) [Core.jar:jenkins-X2C-edu-491 r2727 -- 491]
	at at.lcm.x2c.scope.Scope.updateSamplingData(Scope.java:1616) [Core.jar:jenkins-X2C-edu-491 r2727 -- 491]
	at at.lcm.x2c.scope.Scope$SampleThread.run(Scope.java:652) [Core.jar:jenkins-X2C-edu-491 r2727 -- 491]
	at java.lang.Thread.run(Thread.java:748) [?:1.8.0_202]

2023-05-05 15:42:16,405 3833245 WARN       THROWING[ EXCEPTION ] at.lcm.communication.hardware.Serial 662 fread - throwing java.io.IOException: Timeout
	at at.lcm.communication.hardware.Serial.fread(Serial.java:662) [Hardware.jar:local rlocal -- 2021-07-21 11:31:06]
	at at.lcm.communication.hardware.Serial.fread(Serial.java:643) [Hardware.jar:local rlocal -- 2021-07-21 11:31:06]
	at at.lcm.x2c.communication.protocol.LNetV6.fread(LNetV6.java:1160) [Core.jar:jenkins-X2C-edu-491 r2727 -- 491]
	at at.lcm.x2c.communication.protocol.LNetV6.communicate(LNetV6.java:2002) [Core.jar:jenkins-X2C-edu-491 r2727 -- 491]
	at at.lcm.x2c.communication.protocol.LNetV6.loadParameter(LNetV6.java:2116) [Core.jar:jenkins-X2C-edu-491 r2727 -- 491]
	at at.lcm.x2c.communication.protocol.LNetV6.loadParameter(LNetV6.java:2079) [Core.jar:jenkins-X2C-edu-491 r2727 -- 491]
	at at.lcm.x2c.scope.Scope.getState(Scope.java:428) [Core.jar:jenkins-X2C-edu-491 r2727 -- 491]
	at at.lcm.x2c.scope.Scope.isFinished(Scope.java:1598) [Core.jar:jenkins-X2C-edu-491 r2727 -- 491]
	at at.lcm.x2c.scope.Scope$SampleThread.run(Scope.java:650) [Core.jar:jenkins-X2C-edu-491 r2727 -- 491]
	at java.lang.Thread.run(Thread.java:748) [?:1.8.0_202]

